Log file open, 02/13/22 19:46:07
LogWindows: Failed to load 'aqProf.dll' (GetLastError=126)
LogWindows: File 'aqProf.dll' does not exist
LogWindows: Failed to load 'VtuneApi.dll' (GetLastError=126)
LogWindows: File 'VtuneApi.dll' does not exist
LogWindows: Failed to load 'VtuneApi32e.dll' (GetLastError=126)
LogWindows: File 'VtuneApi32e.dll' does not exist
LogConsoleResponse: Display: Failed to find resolution value strings in scalability ini. Falling back to default.
LogConsoleResponse: Display: Failed to find resolution value strings in scalability ini. Falling back to default.
LogInit: Display: Running engine for game: InfiniteMatrix
LogPlatformFile: Not using cached read wrapper
LogTaskGraph: Started task graph with 5 named threads and 23 total threads with 3 sets of task threads.
LogStats: Stats thread started at 0.849665
LogICUInternationalization: ICU TimeZone Detection - Raw Offset: -6:00, Platform Override: ''
LogInit: Display: Loading text-based GConfig....
LogPluginManager: Mounting plugin MeshPainting
LogPluginManager: Mounting plugin XGEController
LogPluginManager: Mounting plugin Paper2D
LogPluginManager: Mounting plugin AISupport
LogPluginManager: Mounting plugin LiveLink
LogPluginManager: Mounting plugin EnvironmentQueryEditor
LogPluginManager: Mounting plugin LightPropagationVolume
LogPluginManager: Mounting plugin CameraShakePreviewer
LogPluginManager: Mounting plugin GameplayCameras
LogPluginManager: Mounting plugin AnimationSharing
LogPluginManager: Mounting plugin Niagara
LogPluginManager: Mounting plugin CLionSourceCodeAccess
LogPluginManager: Mounting plugin CodeLiteSourceCodeAccess
LogPluginManager: Mounting plugin DatasmithContent
LogPluginManager: Mounting plugin GitSourceControl
LogPluginManager: Mounting plugin KDevelopSourceCodeAccess
LogPluginManager: Mounting plugin NullSourceCodeAccess
LogPluginManager: Mounting plugin PixWinPlugin
LogPluginManager: Mounting plugin PerforceSourceControl
LogPluginManager: Mounting plugin PlasticSourceControl
LogPluginManager: Mounting plugin PluginUtils
LogPluginManager: Mounting plugin PropertyAccessNode
LogPluginManager: Mounting plugin VariantManagerContent
LogPluginManager: Mounting plugin RiderSourceCodeAccess
LogPluginManager: Mounting plugin SubversionSourceControl
LogPluginManager: Mounting plugin TextureFormatOodle
LogPluginManager: Mounting plugin UObjectPlugin
LogPluginManager: Mounting plugin VisualStudioCodeSourceCodeAccess
LogPluginManager: Mounting plugin XCodeSourceCodeAccess
LogPluginManager: Mounting plugin AlembicImporter
LogPluginManager: Mounting plugin VisualStudioSourceCodeAccess
LogPluginManager: Mounting plugin AutomationUtils
LogPluginManager: Mounting plugin BackChannel
LogPluginManager: Mounting plugin ChaosCloth
LogPluginManager: Mounting plugin ChaosClothEditor
LogPluginManager: Mounting plugin ChaosEditor
LogPluginManager: Mounting plugin ChaosNiagara
LogPluginManager: Mounting plugin AssetManagerEditor
LogPluginManager: Mounting plugin ChaosSolverPlugin
LogPluginManager: Mounting plugin CharacterAI
LogPluginManager: Mounting plugin GeometryCache
LogPluginManager: Mounting plugin GeometryCollectionPlugin
LogPluginManager: Mounting plugin CryptoKeys
LogPluginManager: Mounting plugin CurveEditorTools
LogPluginManager: Mounting plugin DataValidation
LogPluginManager: Mounting plugin FacialAnimation
LogPluginManager: Mounting plugin GameplayTagsEditor
LogPluginManager: Mounting plugin GeometryMode
LogPluginManager: Mounting plugin MacGraphicsSwitching
LogPluginManager: Mounting plugin MaterialAnalyzer
LogPluginManager: Mounting plugin MobileLauncherProfileWizard
LogPluginManager: Mounting plugin SpeedTreeImporter
LogPluginManager: Mounting plugin GeometryProcessing
LogPluginManager: Mounting plugin PluginBrowser
LogPluginManager: Mounting plugin MotoSynth
LogPluginManager: Mounting plugin OpenImageDenoise
LogPluginManager: Mounting plugin PlanarCut
LogPluginManager: Mounting plugin PlatformCrypto
LogPluginManager: Mounting plugin ProxyLODPlugin
LogPluginManager: Mounting plugin PythonScriptPlugin
LogPluginManager: Mounting plugin SkeletalReduction
LogPluginManager: Mounting plugin LuminPlatformFeatures
LogPluginManager: Mounting plugin MagicLeap
LogPluginManager: Mounting plugin AndroidMedia
LogPluginManager: Mounting plugin AvfMedia
LogPluginManager: Mounting plugin MagicLeapLightEstimation
LogPluginManager: Mounting plugin MagicLeapMedia
LogPluginManager: Mounting plugin MagicLeapPassableWorld
LogPluginManager: Mounting plugin MLSDK
LogPluginManager: Mounting plugin ImgMedia
LogPluginManager: Mounting plugin MediaCompositing
LogPluginManager: Mounting plugin MediaPlayerEditor
LogPluginManager: Mounting plugin WebMMedia
LogPluginManager: Mounting plugin WmfMedia
LogPluginManager: Mounting plugin TcpMessaging
LogPluginManager: Mounting plugin UdpMessaging
LogPluginManager: Mounting plugin ActorSequence
LogPluginManager: Mounting plugin LevelSequenceEditor
LogPluginManager: Mounting plugin MatineeToLevelSequence
LogPluginManager: Mounting plugin TemplateSequence
LogPluginManager: Mounting plugin OnlineSubsystem
LogPluginManager: Mounting plugin OnlineSubsystemNull
LogPluginManager: Mounting plugin OnlineSubsystemUtils
LogPluginManager: Mounting plugin OodleData
LogPluginManager: Mounting plugin OodleNetwork
LogPluginManager: Mounting plugin ActorLayerUtilities
LogPluginManager: Mounting plugin AndroidDeviceProfileSelector
LogPluginManager: Mounting plugin AndroidMoviePlayer
LogPluginManager: Mounting plugin AndroidPermission
LogPluginManager: Mounting plugin LauncherChunkInstaller
LogPluginManager: Mounting plugin AppleImageUtils
LogPluginManager: Mounting plugin AppleMoviePlayer
LogPluginManager: Mounting plugin ArchVisCharacter
LogPluginManager: Mounting plugin AssetTags
LogPluginManager: Mounting plugin AudioCapture
LogPluginManager: Mounting plugin CableComponent
LogPluginManager: Mounting plugin AudioSynesthesia
LogPluginManager: Mounting plugin CustomMeshComponent
LogPluginManager: Mounting plugin ChunkDownloader
LogPluginManager: Mounting plugin EditableMesh
LogPluginManager: Mounting plugin ExampleDeviceProfileSelector
LogPluginManager: Mounting plugin GoogleCloudMessaging
LogPluginManager: Mounting plugin GooglePAD
LogPluginManager: Mounting plugin ScreenshotTools
LogPluginManager: Mounting plugin IOSDeviceProfileSelector
LogPluginManager: Mounting plugin LinuxDeviceProfileSelector
LogPluginManager: Mounting plugin LocationServicesBPLibrary
LogPluginManager: Mounting plugin MobilePatchingUtils
LogPluginManager: Mounting plugin OpenXR
LogPluginManager: Mounting plugin OpenXREyeTracker
LogPluginManager: Mounting plugin OpenXRHandTracking
LogPluginManager: Mounting plugin PhysXVehicles
LogPluginManager: Mounting plugin Takes
LogPluginManager: Mounting plugin PostSplashScreen
LogPluginManager: Mounting plugin PropertyAccessEditor
LogPluginManager: Mounting plugin ProceduralMeshComponent
LogPluginManager: Mounting plugin SignificanceManager
LogPluginManager: Mounting plugin SoundFields
LogPluginManager: Mounting plugin RuntimePhysXCooking
LogPluginManager: Mounting plugin Synthesis
LogPluginManager: Mounting plugin WebMMoviePlayer
LogPluginManager: Mounting plugin WindowsMoviePlayer
LogPluginManager: Mounting plugin ContentBrowserClassDataSource
LogPluginManager: Mounting plugin ContentBrowserAssetDataSource
LogPluginManager: Mounting plugin ContentBrowserFileDataSource
LogPluginManager: Mounting plugin OnlineSubsystemGooglePlay
LogPluginManager: Mounting plugin OnlineSubsystemIOS
LogPluginManager: Mounting plugin OculusVR
LogPluginManager: Mounting plugin SteamVR
PixWinPlugin: PIX capture plugin failed to initialize! Check that the process is launched from PIX.
LogInit: Using libcurl 7.55.1-DEV
LogInit:  - built for x86_64-pc-win32
LogInit:  - supports SSL with OpenSSL/1.1.1
LogInit:  - supports HTTP deflate (compression) using libz 1.2.8
LogInit:  - other features:
LogInit:      CURL_VERSION_SSL
LogInit:      CURL_VERSION_LIBZ
LogInit:      CURL_VERSION_IPV6
LogInit:      CURL_VERSION_ASYNCHDNS
LogInit:      CURL_VERSION_LARGEFILE
LogInit:      CURL_VERSION_IDN
LogInit:  CurlRequestOptions (configurable via config and command line):
LogInit:  - bVerifyPeer = true  - Libcurl will verify peer certificate
LogInit:  - bUseHttpProxy = false  - Libcurl will NOT use HTTP proxy
LogInit:  - bDontReuseConnections = false  - Libcurl will reuse connections
LogInit:  - MaxHostConnections = 16  - Libcurl will limit the number of connections to a host
LogInit:  - LocalHostAddr = Default
LogInit:  - BufferSize = 65536
LogOnline: OSS: Creating online subsystem instance for: NULL
LogInit: WinSock: version 1.1 (2.2), MaxSocks=32767, MaxUdp=65467
LogOnline: OSS: TryLoadSubsystemAndSetDefault: Loaded subsystem for module [NULL]
LogOculusPluginWrapper: OculusPlugin initialized successfully
LogHMD: Failed initializing OVRPlugin 1.59.0
LogInit: Build: ++UE4+Release-4.27-CL-18319896
LogInit: Engine Version: 4.27.2-18319896+++UE4+Release-4.27
LogInit: Compatible Engine Version: 4.27.0-17155196+++UE4+Release-4.27
LogInit: Net CL: 17155196
LogInit: OS: Windows 10 (Release 2009) (), CPU:        Intel(R) Core(TM) i7-3770K CPU @ 3.50GHz, GPU: NVIDIA GeForce RTX 3080
LogInit: Compiled (64-bit): Nov 30 2021 07:12:08
LogInit: Compiled with Visual C++: 19.24.28315.00
LogInit: Build Configuration: Development
LogInit: Branch Name: ++UE4+Release-4.27
LogInit: Command Line:  -EpicPortal -epicusername=Valkyrie1547 -epicuserid=ba476c5a6eee49978ede462cec705694 -epiclocale=en -epicsandboxid=ue
LogInit: Base Directory: D:/Games/UE_4.27/Engine/Binaries/Win64/
LogInit: Allocator: TBB
LogInit: Installed Engine Build: 1
LogDevObjectVersion: Number of dev versions registered: 29
LogDevObjectVersion:   Dev-Blueprints (B0D832E4-1F89-4F0D-ACCF-7EB736FD4AA2): 10
LogDevObjectVersion:   Dev-Build (E1C64328-A22C-4D53-A36C-8E866417BD8C): 0
LogDevObjectVersion:   Dev-Core (375EC13C-06E4-48FB-B500-84F0262A717E): 4
LogDevObjectVersion:   Dev-Editor (E4B068ED-F494-42E9-A231-DA0B2E46BB41): 40
LogDevObjectVersion:   Dev-Framework (CFFC743F-43B0-4480-9391-14DF171D2073): 37
LogDevObjectVersion:   Dev-Mobile (B02B49B5-BB20-44E9-A304-32B752E40360): 3
LogDevObjectVersion:   Dev-Networking (A4E4105C-59A1-49B5-A7C5-40C4547EDFEE): 0
LogDevObjectVersion:   Dev-Online (39C831C9-5AE6-47DC-9A44-9C173E1C8E7C): 0
LogDevObjectVersion:   Dev-Physics (78F01B33-EBEA-4F98-B9B4-84EACCB95AA2): 14
LogDevObjectVersion:   Dev-Platform (6631380F-2D4D-43E0-8009-CF276956A95A): 0
LogDevObjectVersion:   Dev-Rendering (12F88B9F-8875-4AFC-A67C-D90C383ABD29): 45
LogDevObjectVersion:   Dev-Sequencer (7B5AE74C-D270-4C10-A958-57980B212A5A): 13
LogDevObjectVersion:   Dev-VR (D7296918-1DD6-4BDD-9DE2-64A83CC13884): 3
LogDevObjectVersion:   Dev-LoadTimes (C2A15278-BFE7-4AFE-6C17-90FF531DF755): 1
LogDevObjectVersion:   Private-Geometry (6EACA3D4-40EC-4CC1-B786-8BED09428FC5): 3
LogDevObjectVersion:   Dev-AnimPhys (29E575DD-E0A3-4627-9D10-D276232CDCEA): 17
LogDevObjectVersion:   Dev-Anim (AF43A65D-7FD3-4947-9873-3E8ED9C1BB05): 15
LogDevObjectVersion:   Dev-ReflectionCapture (6B266CEC-1EC7-4B8F-A30B-E4D90942FC07): 1
LogDevObjectVersion:   Dev-Automation (0DF73D61-A23F-47EA-B727-89E90C41499A): 1
LogDevObjectVersion:   FortniteMain (601D1886-AC64-4F84-AA16-D3DE0DEAC7D6): 47
LogDevObjectVersion:   FortniteRelease (E7086368-6B23-4C58-8439-1B7016265E91): 1
LogDevObjectVersion:   Dev-Enterprise (9DFFBCD6-494F-0158-E221-12823C92A888): 10
LogDevObjectVersion:   Dev-Niagara (F2AED0AC-9AFE-416F-8664-AA7FFA26D6FC): 1
LogDevObjectVersion:   Dev-Destruction (174F1F0B-B4C6-45A5-B13F-2EE8D0FB917D): 10
LogDevObjectVersion:   Dev-Physics-Ext (35F94A83-E258-406C-A318-09F59610247C): 41
LogDevObjectVersion:   Dev-PhysicsMaterial-Chaos (B68FC16E-8B1B-42E2-B453-215C058844FE): 1
LogDevObjectVersion:   Dev-CineCamera (B2E18506-4273-CFC2-A54E-F4BB758BBA07): 1
LogDevObjectVersion:   Dev-VirtualProduction (64F58936-FD1B-42BA-BA96-7289D5D0FA4E): 1
LogDevObjectVersion:   Dev-MediaFramework (6F0ED827-A609-4895-9C91-998D90180EA4): 2
LogInit: Presizing for max 25165824 objects, including 0 objects not considered by GC, pre-allocating 0 bytes for permanent pool.
LogConfig: Applying CVar settings from Section [/Script/Engine.StreamingSettings] File [C:/Users/FilthyMiner/Downloads/InfiniteMatrixStarterProject/InfiniteMatrixStarter/Saved/Config/Windows/Engine.ini]
LogConfig: Setting CVar [[s.MinBulkDataSizeForAsyncLoading:131072]]
LogConfig: Setting CVar [[s.AsyncLoadingThreadEnabled:0]]
LogConfig: Setting CVar [[s.EventDrivenLoaderEnabled:1]]
LogConfig: Setting CVar [[s.WarnIfTimeLimitExceeded:0]]
LogConfig: Setting CVar [[s.TimeLimitExceededMultiplier:1.5]]
LogConfig: Setting CVar [[s.TimeLimitExceededMinTime:0.005]]
LogConfig: Setting CVar [[s.UseBackgroundLevelStreaming:1]]
LogConfig: Setting CVar [[s.PriorityAsyncLoadingExtraTime:15.0]]
LogConfig: Setting CVar [[s.LevelStreamingActorsUpdateTimeLimit:5.0]]
LogConfig: Setting CVar [[s.PriorityLevelStreamingActorsUpdateExtraTime:5.0]]
LogConfig: Setting CVar [[s.LevelStreamingComponentsRegistrationGranularity:10]]
LogConfig: Setting CVar [[s.UnregisterComponentsTimeLimit:1.0]]
LogConfig: Setting CVar [[s.LevelStreamingComponentsUnregistrationGranularity:5]]
LogConfig: Setting CVar [[s.FlushStreamingOnExit:1]]
LogInit: Object subsystem initialized
LogConfig: Setting CVar [[con.DebugEarlyDefault:1]]
LogConfig: Setting CVar [[r.setres:1280x720]]
[2022.02.14-01.46.08:030][  0]LogConfig: Setting CVar [[r.VSync:0]]
[2022.02.14-01.46.08:030][  0]LogConfig: Setting CVar [[r.RHICmdBypass:0]]
[2022.02.14-01.46.08:030][  0]LogConfig: Applying CVar settings from Section [/Script/Engine.RendererSettings] File [C:/Users/FilthyMiner/Downloads/InfiniteMatrixStarterProject/InfiniteMatrixStarter/Saved/Config/Windows/Engine.ini]
[2022.02.14-01.46.08:030][  0]LogConfig: Setting CVar [[r.GPUCrashDebugging:0]]
[2022.02.14-01.46.08:030][  0]LogConfig: Applying CVar settings from Section [/Script/Engine.RendererOverrideSettings] File [C:/Users/FilthyMiner/Downloads/InfiniteMatrixStarterProject/InfiniteMatrixStarter/Saved/Config/Windows/Engine.ini]
[2022.02.14-01.46.08:030][  0]LogConfig: Applying CVar settings from Section [/Script/Engine.StreamingSettings] File [C:/Users/FilthyMiner/Downloads/InfiniteMatrixStarterProject/InfiniteMatrixStarter/Saved/Config/Windows/Engine.ini]
[2022.02.14-01.46.08:030][  0]LogConfig: Setting CVar [[s.MinBulkDataSizeForAsyncLoading:131072]]
[2022.02.14-01.46.08:030][  0]LogConfig: Setting CVar [[s.AsyncLoadingThreadEnabled:0]]
[2022.02.14-01.46.08:030][  0]LogConfig: Setting CVar [[s.EventDrivenLoaderEnabled:1]]
[2022.02.14-01.46.08:031][  0]LogConfig: Setting CVar [[s.WarnIfTimeLimitExceeded:0]]
[2022.02.14-01.46.08:031][  0]LogConfig: Setting CVar [[s.TimeLimitExceededMultiplier:1.5]]
[2022.02.14-01.46.08:031][  0]LogConfig: Setting CVar [[s.TimeLimitExceededMinTime:0.005]]
[2022.02.14-01.46.08:031][  0]LogConfig: Setting CVar [[s.UseBackgroundLevelStreaming:1]]
[2022.02.14-01.46.08:031][  0]LogConfig: Setting CVar [[s.PriorityAsyncLoadingExtraTime:15.0]]
[2022.02.14-01.46.08:031][  0]LogConfig: Setting CVar [[s.LevelStreamingActorsUpdateTimeLimit:5.0]]
[2022.02.14-01.46.08:031][  0]LogConfig: Setting CVar [[s.PriorityLevelStreamingActorsUpdateExtraTime:5.0]]
[2022.02.14-01.46.08:031][  0]LogConfig: Setting CVar [[s.LevelStreamingComponentsRegistrationGranularity:10]]
[2022.02.14-01.46.08:031][  0]LogConfig: Setting CVar [[s.UnregisterComponentsTimeLimit:1.0]]
[2022.02.14-01.46.08:031][  0]LogConfig: Setting CVar [[s.LevelStreamingComponentsUnregistrationGranularity:5]]
[2022.02.14-01.46.08:031][  0]LogConfig: Setting CVar [[s.FlushStreamingOnExit:1]]
[2022.02.14-01.46.08:031][  0]LogConfig: Applying CVar settings from Section [/Script/Engine.GarbageCollectionSettings] File [C:/Users/FilthyMiner/Downloads/InfiniteMatrixStarterProject/InfiniteMatrixStarter/Saved/Config/Windows/Engine.ini]
[2022.02.14-01.46.08:031][  0]LogConfig: Setting CVar [[gc.MaxObjectsNotConsideredByGC:1]]
[2022.02.14-01.46.08:031][  0]LogConfig: Setting CVar [[gc.SizeOfPermanentObjectPool:0]]
[2022.02.14-01.46.08:031][  0]LogConfig: Setting CVar [[gc.FlushStreamingOnGC:0]]
[2022.02.14-01.46.08:031][  0]LogConfig: Setting CVar [[gc.NumRetriesBeforeForcingGC:10]]
[2022.02.14-01.46.08:031][  0]LogConfig: Setting CVar [[gc.AllowParallelGC:1]]
[2022.02.14-01.46.08:031][  0]LogConfig: Setting CVar [[gc.TimeBetweenPurgingPendingKillObjects:61.1]]
[2022.02.14-01.46.08:031][  0]LogConfig: Setting CVar [[gc.MaxObjectsInEditor:25165824]]
[2022.02.14-01.46.08:031][  0]LogConfig: Setting CVar [[gc.IncrementalBeginDestroyEnabled:1]]
[2022.02.14-01.46.08:031][  0]LogConfig: Setting CVar [[gc.CreateGCClusters:1]]
[2022.02.14-01.46.08:031][  0]LogConfig: Setting CVar [[gc.MinGCClusterSize:5]]
[2022.02.14-01.46.08:031][  0]LogConfig: Setting CVar [[gc.ActorClusteringEnabled:0]]
[2022.02.14-01.46.08:031][  0]LogConfig: Setting CVar [[gc.BlueprintClusteringEnabled:0]]
[2022.02.14-01.46.08:031][  0]LogConfig: Setting CVar [[gc.UseDisregardForGCOnDedicatedServers:0]]
[2022.02.14-01.46.08:031][  0]LogConfig: Setting CVar [[gc.MultithreadedDestructionEnabled:1]]
[2022.02.14-01.46.08:031][  0]LogConfig: Applying CVar settings from Section [/Script/Engine.NetworkSettings] File [C:/Users/FilthyMiner/Downloads/InfiniteMatrixStarterProject/InfiniteMatrixStarter/Saved/Config/Windows/Engine.ini]
[2022.02.14-01.46.08:031][  0]LogConfig: Applying CVar settings from Section [/Script/UnrealEd.CookerSettings] File [C:/Users/FilthyMiner/Downloads/InfiniteMatrixStarterProject/InfiniteMatrixStarter/Saved/Config/Windows/Engine.ini]
[2022.02.14-01.46.08:072][  0]LogConfig: Applying CVar settings from Section [ViewDistanceQuality@3] File [C:/Users/FilthyMiner/Downloads/InfiniteMatrixStarterProject/InfiniteMatrixStarter/Saved/Config/Windows/Scalability.ini]
[2022.02.14-01.46.08:072][  0]LogConfig: Setting CVar [[r.SkeletalMeshLODBias:0]]
[2022.02.14-01.46.08:072][  0]LogConfig: Setting CVar [[r.ViewDistanceScale:1.0]]
[2022.02.14-01.46.08:072][  0]LogConfig: Applying CVar settings from Section [AntiAliasingQuality@3] File [C:/Users/FilthyMiner/Downloads/InfiniteMatrixStarterProject/InfiniteMatrixStarter/Saved/Config/Windows/Scalability.ini]
[2022.02.14-01.46.08:072][  0]LogConfig: Setting CVar [[r.PostProcessAAQuality:4]]
[2022.02.14-01.46.08:072][  0]LogConfig: Applying CVar settings from Section [ShadowQuality@3] File [C:/Users/FilthyMiner/Downloads/InfiniteMatrixStarterProject/InfiniteMatrixStarter/Saved/Config/Windows/Scalability.ini]
[2022.02.14-01.46.08:072][  0]LogConfig: Setting CVar [[r.LightFunctionQuality:1]]
[2022.02.14-01.46.08:072][  0]LogConfig: Setting CVar [[r.ShadowQuality:5]]
[2022.02.14-01.46.08:072][  0]LogConfig: Setting CVar [[r.Shadow.CSM.MaxCascades:10]]
[2022.02.14-01.46.08:072][  0]LogConfig: Setting CVar [[r.Shadow.MaxResolution:2048]]
[2022.02.14-01.46.08:072][  0]LogConfig: Setting CVar [[r.Shadow.MaxCSMResolution:2048]]
[2022.02.14-01.46.08:072][  0]LogConfig: Setting CVar [[r.Shadow.RadiusThreshold:0.01]]
[2022.02.14-01.46.08:072][  0]LogConfig: Setting CVar [[r.Shadow.DistanceScale:1.0]]
[2022.02.14-01.46.08:072][  0]LogConfig: Setting CVar [[r.Shadow.CSM.TransitionScale:1.0]]
[2022.02.14-01.46.08:072][  0]LogConfig: Setting CVar [[r.Shadow.PreShadowResolutionFactor:1.0]]
[2022.02.14-01.46.08:072][  0]LogConfig: Setting CVar [[r.DistanceFieldShadowing:1]]
[2022.02.14-01.46.08:072][  0]LogConfig: Setting CVar [[r.DistanceFieldAO:1]]
[2022.02.14-01.46.08:072][  0]LogConfig: Setting CVar [[r.AOQuality:2]]
[2022.02.14-01.46.08:072][  0]LogConfig: Setting CVar [[r.VolumetricFog:1]]
[2022.02.14-01.46.08:072][  0]LogConfig: Setting CVar [[r.VolumetricFog.GridPixelSize:8]]
[2022.02.14-01.46.08:072][  0]LogConfig: Setting CVar [[r.VolumetricFog.GridSizeZ:128]]
[2022.02.14-01.46.08:072][  0]LogConfig: Setting CVar [[r.VolumetricFog.HistoryMissSupersampleCount:4]]
[2022.02.14-01.46.08:072][  0]LogConfig: Setting CVar [[r.LightMaxDrawDistanceScale:1]]
[2022.02.14-01.46.08:072][  0]LogConfig: Setting CVar [[r.CapsuleShadows:1]]
[2022.02.14-01.46.08:072][  0]LogConfig: Applying CVar settings from Section [PostProcessQuality@3] File [C:/Users/FilthyMiner/Downloads/InfiniteMatrixStarterProject/InfiniteMatrixStarter/Saved/Config/Windows/Scalability.ini]
[2022.02.14-01.46.08:072][  0]LogConfig: Setting CVar [[r.MotionBlurQuality:4]]
[2022.02.14-01.46.08:072][  0]LogConfig: Setting CVar [[r.AmbientOcclusionMipLevelFactor:0.4]]
[2022.02.14-01.46.08:072][  0]LogConfig: Setting CVar [[r.AmbientOcclusionMaxQuality:100]]
[2022.02.14-01.46.08:072][  0]LogConfig: Setting CVar [[r.AmbientOcclusionLevels:-1]]
[2022.02.14-01.46.08:072][  0]LogConfig: Setting CVar [[r.AmbientOcclusionRadiusScale:1.0]]
[2022.02.14-01.46.08:072][  0]LogConfig: Setting CVar [[r.DepthOfFieldQuality:2]]
[2022.02.14-01.46.08:072][  0]LogConfig: Setting CVar [[r.RenderTargetPoolMin:400]]
[2022.02.14-01.46.08:072][  0]LogConfig: Setting CVar [[r.LensFlareQuality:2]]
[2022.02.14-01.46.08:072][  0]LogConfig: Setting CVar [[r.SceneColorFringeQuality:1]]
[2022.02.14-01.46.08:072][  0]LogConfig: Setting CVar [[r.EyeAdaptationQuality:2]]
[2022.02.14-01.46.08:072][  0]LogConfig: Setting CVar [[r.BloomQuality:5]]
[2022.02.14-01.46.08:072][  0]LogConfig: Setting CVar [[r.FastBlurThreshold:100]]
[2022.02.14-01.46.08:072][  0]LogConfig: Setting CVar [[r.Upscale.Quality:3]]
[2022.02.14-01.46.08:072][  0]LogConfig: Setting CVar [[r.Tonemapper.GrainQuantization:1]]
[2022.02.14-01.46.08:072][  0]LogConfig: Setting CVar [[r.LightShaftQuality:1]]
[2022.02.14-01.46.08:072][  0]LogConfig: Setting CVar [[r.Filter.SizeScale:1]]
[2022.02.14-01.46.08:072][  0]LogConfig: Setting CVar [[r.Tonemapper.Quality:5]]
[2022.02.14-01.46.08:072][  0]LogConfig: Setting CVar [[r.DOF.Gather.AccumulatorQuality:1        ; higher gathering accumulator quality]]
[2022.02.14-01.46.08:072][  0]LogConfig: Setting CVar [[r.DOF.Gather.PostfilterMethod:1          ; Median3x3 postfilering method]]
[2022.02.14-01.46.08:072][  0]LogConfig: Setting CVar [[r.DOF.Gather.EnableBokehSettings:0       ; no bokeh simulation when gathering]]
[2022.02.14-01.46.08:072][  0]LogConfig: Setting CVar [[r.DOF.Gather.RingCount:4                 ; medium number of samples when gathering]]
[2022.02.14-01.46.08:072][  0]LogConfig: Setting CVar [[r.DOF.Scatter.ForegroundCompositing:1    ; additive foreground scattering]]
[2022.02.14-01.46.08:072][  0]LogConfig: Setting CVar [[r.DOF.Scatter.BackgroundCompositing:2    ; additive background scattering]]
[2022.02.14-01.46.08:072][  0]LogConfig: Setting CVar [[r.DOF.Scatter.EnableBokehSettings:1      ; bokeh simulation when scattering]]
[2022.02.14-01.46.08:072][  0]LogConfig: Setting CVar [[r.DOF.Scatter.MaxSpriteRatio:0.1         ; only a maximum of 10% of scattered bokeh]]
[2022.02.14-01.46.08:073][  0]LogConfig: Setting CVar [[r.DOF.Recombine.Quality:1                ; cheap slight out of focus]]
[2022.02.14-01.46.08:073][  0]LogConfig: Setting CVar [[r.DOF.Recombine.EnableBokehSettings:0    ; no bokeh simulation on slight out of focus]]
[2022.02.14-01.46.08:073][  0]LogConfig: Setting CVar [[r.DOF.TemporalAAQuality:1                ; more stable temporal accumulation]]
[2022.02.14-01.46.08:073][  0]LogConfig: Setting CVar [[r.DOF.Kernel.MaxForegroundRadius:0.025]]
[2022.02.14-01.46.08:073][  0]LogConfig: Setting CVar [[r.DOF.Kernel.MaxBackgroundRadius:0.025]]
[2022.02.14-01.46.08:073][  0]LogConfig: Applying CVar settings from Section [TextureQuality@3] File [C:/Users/FilthyMiner/Downloads/InfiniteMatrixStarterProject/InfiniteMatrixStarter/Saved/Config/Windows/Scalability.ini]
[2022.02.14-01.46.08:073][  0]LogConfig: Setting CVar [[r.Streaming.MipBias:0]]
[2022.02.14-01.46.08:073][  0]LogConfig: Setting CVar [[r.Streaming.AmortizeCPUToGPUCopy:0]]
[2022.02.14-01.46.08:073][  0]LogConfig: Setting CVar [[r.Streaming.MaxNumTexturesToStreamPerFrame:0]]
[2022.02.14-01.46.08:073][  0]LogConfig: Setting CVar [[r.Streaming.Boost:1]]
[2022.02.14-01.46.08:073][  0]LogConfig: Setting CVar [[r.MaxAnisotropy:8]]
[2022.02.14-01.46.08:073][  0]LogConfig: Setting CVar [[r.VT.MaxAnisotropy:8]]
[2022.02.14-01.46.08:073][  0]LogConfig: Setting CVar [[r.Streaming.LimitPoolSizeToVRAM:0]]
[2022.02.14-01.46.08:073][  0]LogConfig: Setting CVar [[r.Streaming.PoolSize:1000]]
[2022.02.14-01.46.08:073][  0]LogConfig: Setting CVar [[r.Streaming.MaxEffectiveScreenSize:0]]
[2022.02.14-01.46.08:073][  0]LogConfig: Applying CVar settings from Section [EffectsQuality@3] File [C:/Users/FilthyMiner/Downloads/InfiniteMatrixStarterProject/InfiniteMatrixStarter/Saved/Config/Windows/Scalability.ini]
[2022.02.14-01.46.08:073][  0]LogConfig: Setting CVar [[r.TranslucencyLightingVolumeDim:64]]
[2022.02.14-01.46.08:073][  0]LogConfig: Setting CVar [[r.RefractionQuality:2]]
[2022.02.14-01.46.08:073][  0]LogConfig: Setting CVar [[r.SSR.Quality:3]]
[2022.02.14-01.46.08:073][  0]LogConfig: Setting CVar [[r.SSR.HalfResSceneColor:0]]
[2022.02.14-01.46.08:073][  0]LogConfig: Setting CVar [[r.SceneColorFormat:4]]
[2022.02.14-01.46.08:073][  0]LogConfig: Setting CVar [[r.DetailMode:2]]
[2022.02.14-01.46.08:073][  0]LogConfig: Setting CVar [[r.TranslucencyVolumeBlur:1]]
[2022.02.14-01.46.08:073][  0]LogConfig: Setting CVar [[r.MaterialQualityLevel:1 ; High quality]]
[2022.02.14-01.46.08:073][  0]LogConfig: Setting CVar [[r.AnisotropicMaterials:1]]
[2022.02.14-01.46.08:073][  0]LogConfig: Setting CVar [[r.SSS.Scale:1]]
[2022.02.14-01.46.08:073][  0]LogConfig: Setting CVar [[r.SSS.SampleSet:2]]
[2022.02.14-01.46.08:073][  0]LogConfig: Setting CVar [[r.SSS.Quality:1]]
[2022.02.14-01.46.08:073][  0]LogConfig: Setting CVar [[r.SSS.HalfRes:0]]
[2022.02.14-01.46.08:073][  0]LogConfig: Setting CVar [[r.SSGI.Quality:3]]
[2022.02.14-01.46.08:073][  0]LogConfig: Setting CVar [[r.EmitterSpawnRateScale:1.0]]
[2022.02.14-01.46.08:073][  0]LogConfig: Setting CVar [[r.ParticleLightQuality:2]]
[2022.02.14-01.46.08:073][  0]LogConfig: Setting CVar [[r.SkyAtmosphere.AerialPerspectiveLUT.FastApplyOnOpaque:1 ; Always have FastSkyLUT 1 in this case to avoid wrong sky]]
[2022.02.14-01.46.08:073][  0]LogConfig: Setting CVar [[r.SkyAtmosphere.AerialPerspectiveLUT.SampleCountMaxPerSlice:4]]
[2022.02.14-01.46.08:073][  0]LogConfig: Setting CVar [[r.SkyAtmosphere.AerialPerspectiveLUT.DepthResolution:16.0]]
[2022.02.14-01.46.08:073][  0]LogConfig: Setting CVar [[r.SkyAtmosphere.FastSkyLUT:1]]
[2022.02.14-01.46.08:073][  0]LogConfig: Setting CVar [[r.SkyAtmosphere.FastSkyLUT.SampleCountMin:4.0]]
[2022.02.14-01.46.08:073][  0]LogConfig: Setting CVar [[r.SkyAtmosphere.FastSkyLUT.SampleCountMax:128.0]]
[2022.02.14-01.46.08:073][  0]LogConfig: Setting CVar [[r.SkyAtmosphere.SampleCountMin:4.0]]
[2022.02.14-01.46.08:073][  0]LogConfig: Setting CVar [[r.SkyAtmosphere.SampleCountMax:128.0]]
[2022.02.14-01.46.08:073][  0]LogConfig: Setting CVar [[r.SkyAtmosphere.TransmittanceLUT.UseSmallFormat:0]]
[2022.02.14-01.46.08:073][  0]LogConfig: Setting CVar [[r.SkyAtmosphere.TransmittanceLUT.SampleCount:10.0]]
[2022.02.14-01.46.08:073][  0]LogConfig: Setting CVar [[r.SkyAtmosphere.MultiScatteringLUT.SampleCount:15.0]]
[2022.02.14-01.46.08:073][  0]LogConfig: Setting CVar [[r.SkyLight.RealTimeReflectionCapture:1]]
[2022.02.14-01.46.08:073][  0]LogConfig: Applying CVar settings from Section [FoliageQuality@3] File [C:/Users/FilthyMiner/Downloads/InfiniteMatrixStarterProject/InfiniteMatrixStarter/Saved/Config/Windows/Scalability.ini]
[2022.02.14-01.46.08:073][  0]LogConfig: Setting CVar [[foliage.DensityScale:1.0]]
[2022.02.14-01.46.08:073][  0]LogConfig: Setting CVar [[grass.DensityScale:1.0]]
[2022.02.14-01.46.08:073][  0]LogConfig: Applying CVar settings from Section [ShadingQuality@3] File [C:/Users/FilthyMiner/Downloads/InfiniteMatrixStarterProject/InfiniteMatrixStarter/Saved/Config/Windows/Scalability.ini]
[2022.02.14-01.46.08:073][  0]LogConfig: Setting CVar [[r.HairStrands.SkyLighting.IntegrationType:2]]
[2022.02.14-01.46.08:073][  0]LogConfig: Setting CVar [[r.HairStrands.SkyAO.SampleCount:4]]
[2022.02.14-01.46.08:073][  0]LogConfig: Setting CVar [[r.HairStrands.Visibility.MSAA.SamplePerPixel:4]]
[2022.02.14-01.46.08:073][  0]LogInit: Selected Device Profile: [Windows]
[2022.02.14-01.46.08:073][  0]LogInit: Applying CVar settings loaded from the selected device profile: [Windows]
[2022.02.14-01.46.08:073][  0]LogHAL: Display: Platform has ~ 16 GB [17069805568 / 17179869184 / 16], which maps to Larger [LargestMinGB=32, LargerMinGB=12, DefaultMinGB=8, SmallerMinGB=6, SmallestMinGB=0)
[2022.02.14-01.46.08:073][  0]LogInit: Going up to parent DeviceProfile []
[2022.02.14-01.46.08:073][  0]LogConfig: Applying CVar settings from Section [ViewDistanceQuality@3] File [C:/Users/FilthyMiner/Downloads/InfiniteMatrixStarterProject/InfiniteMatrixStarter/Saved/Config/Windows/Scalability.ini]
[2022.02.14-01.46.08:073][  0]LogConfig: Setting CVar [[r.SkeletalMeshLODBias:0]]
[2022.02.14-01.46.08:073][  0]LogConfig: Setting CVar [[r.ViewDistanceScale:1.0]]
[2022.02.14-01.46.08:073][  0]LogConfig: Applying CVar settings from Section [AntiAliasingQuality@3] File [C:/Users/FilthyMiner/Downloads/InfiniteMatrixStarterProject/InfiniteMatrixStarter/Saved/Config/Windows/Scalability.ini]
[2022.02.14-01.46.08:073][  0]LogConfig: Setting CVar [[r.PostProcessAAQuality:4]]
[2022.02.14-01.46.08:073][  0]LogConfig: Applying CVar settings from Section [ShadowQuality@3] File [C:/Users/FilthyMiner/Downloads/InfiniteMatrixStarterProject/InfiniteMatrixStarter/Saved/Config/Windows/Scalability.ini]
[2022.02.14-01.46.08:074][  0]LogConfig: Setting CVar [[r.LightFunctionQuality:1]]
[2022.02.14-01.46.08:074][  0]LogConfig: Setting CVar [[r.ShadowQuality:5]]
[2022.02.14-01.46.08:074][  0]LogConfig: Setting CVar [[r.Shadow.CSM.MaxCascades:10]]
[2022.02.14-01.46.08:074][  0]LogConfig: Setting CVar [[r.Shadow.MaxResolution:2048]]
[2022.02.14-01.46.08:074][  0]LogConfig: Setting CVar [[r.Shadow.MaxCSMResolution:2048]]
[2022.02.14-01.46.08:074][  0]LogConfig: Setting CVar [[r.Shadow.RadiusThreshold:0.01]]
[2022.02.14-01.46.08:074][  0]LogConfig: Setting CVar [[r.Shadow.DistanceScale:1.0]]
[2022.02.14-01.46.08:074][  0]LogConfig: Setting CVar [[r.Shadow.CSM.TransitionScale:1.0]]
[2022.02.14-01.46.08:074][  0]LogConfig: Setting CVar [[r.Shadow.PreShadowResolutionFactor:1.0]]
[2022.02.14-01.46.08:074][  0]LogConfig: Setting CVar [[r.DistanceFieldShadowing:1]]
[2022.02.14-01.46.08:074][  0]LogConfig: Setting CVar [[r.DistanceFieldAO:1]]
[2022.02.14-01.46.08:074][  0]LogConfig: Setting CVar [[r.AOQuality:2]]
[2022.02.14-01.46.08:074][  0]LogConfig: Setting CVar [[r.VolumetricFog:1]]
[2022.02.14-01.46.08:074][  0]LogConfig: Setting CVar [[r.VolumetricFog.GridPixelSize:8]]
[2022.02.14-01.46.08:074][  0]LogConfig: Setting CVar [[r.VolumetricFog.GridSizeZ:128]]
[2022.02.14-01.46.08:074][  0]LogConfig: Setting CVar [[r.VolumetricFog.HistoryMissSupersampleCount:4]]
[2022.02.14-01.46.08:074][  0]LogConfig: Setting CVar [[r.LightMaxDrawDistanceScale:1]]
[2022.02.14-01.46.08:074][  0]LogConfig: Setting CVar [[r.CapsuleShadows:1]]
[2022.02.14-01.46.08:074][  0]LogConfig: Applying CVar settings from Section [PostProcessQuality@3] File [C:/Users/FilthyMiner/Downloads/InfiniteMatrixStarterProject/InfiniteMatrixStarter/Saved/Config/Windows/Scalability.ini]
[2022.02.14-01.46.08:074][  0]LogConfig: Setting CVar [[r.MotionBlurQuality:4]]
[2022.02.14-01.46.08:074][  0]LogConfig: Setting CVar [[r.AmbientOcclusionMipLevelFactor:0.4]]
[2022.02.14-01.46.08:074][  0]LogConfig: Setting CVar [[r.AmbientOcclusionMaxQuality:100]]
[2022.02.14-01.46.08:074][  0]LogConfig: Setting CVar [[r.AmbientOcclusionLevels:-1]]
[2022.02.14-01.46.08:074][  0]LogConfig: Setting CVar [[r.AmbientOcclusionRadiusScale:1.0]]
[2022.02.14-01.46.08:074][  0]LogConfig: Setting CVar [[r.DepthOfFieldQuality:2]]
[2022.02.14-01.46.08:074][  0]LogConfig: Setting CVar [[r.RenderTargetPoolMin:400]]
[2022.02.14-01.46.08:074][  0]LogConfig: Setting CVar [[r.LensFlareQuality:2]]
[2022.02.14-01.46.08:074][  0]LogConfig: Setting CVar [[r.SceneColorFringeQuality:1]]
[2022.02.14-01.46.08:074][  0]LogConfig: Setting CVar [[r.EyeAdaptationQuality:2]]
[2022.02.14-01.46.08:074][  0]LogConfig: Setting CVar [[r.BloomQuality:5]]
[2022.02.14-01.46.08:074][  0]LogConfig: Setting CVar [[r.FastBlurThreshold:100]]
[2022.02.14-01.46.08:074][  0]LogConfig: Setting CVar [[r.Upscale.Quality:3]]
[2022.02.14-01.46.08:074][  0]LogConfig: Setting CVar [[r.Tonemapper.GrainQuantization:1]]
[2022.02.14-01.46.08:074][  0]LogConfig: Setting CVar [[r.LightShaftQuality:1]]
[2022.02.14-01.46.08:074][  0]LogConfig: Setting CVar [[r.Filter.SizeScale:1]]
[2022.02.14-01.46.08:074][  0]LogConfig: Setting CVar [[r.Tonemapper.Quality:5]]
[2022.02.14-01.46.08:074][  0]LogConfig: Setting CVar [[r.DOF.Gather.AccumulatorQuality:1        ; higher gathering accumulator quality]]
[2022.02.14-01.46.08:074][  0]LogConfig: Setting CVar [[r.DOF.Gather.PostfilterMethod:1          ; Median3x3 postfilering method]]
[2022.02.14-01.46.08:074][  0]LogConfig: Setting CVar [[r.DOF.Gather.EnableBokehSettings:0       ; no bokeh simulation when gathering]]
[2022.02.14-01.46.08:074][  0]LogConfig: Setting CVar [[r.DOF.Gather.RingCount:4                 ; medium number of samples when gathering]]
[2022.02.14-01.46.08:074][  0]LogConfig: Setting CVar [[r.DOF.Scatter.ForegroundCompositing:1    ; additive foreground scattering]]
[2022.02.14-01.46.08:074][  0]LogConfig: Setting CVar [[r.DOF.Scatter.BackgroundCompositing:2    ; additive background scattering]]
[2022.02.14-01.46.08:074][  0]LogConfig: Setting CVar [[r.DOF.Scatter.EnableBokehSettings:1      ; bokeh simulation when scattering]]
[2022.02.14-01.46.08:074][  0]LogConfig: Setting CVar [[r.DOF.Scatter.MaxSpriteRatio:0.1         ; only a maximum of 10% of scattered bokeh]]
[2022.02.14-01.46.08:074][  0]LogConfig: Setting CVar [[r.DOF.Recombine.Quality:1                ; cheap slight out of focus]]
[2022.02.14-01.46.08:074][  0]LogConfig: Setting CVar [[r.DOF.Recombine.EnableBokehSettings:0    ; no bokeh simulation on slight out of focus]]
[2022.02.14-01.46.08:074][  0]LogConfig: Setting CVar [[r.DOF.TemporalAAQuality:1                ; more stable temporal accumulation]]
[2022.02.14-01.46.08:074][  0]LogConfig: Setting CVar [[r.DOF.Kernel.MaxForegroundRadius:0.025]]
[2022.02.14-01.46.08:074][  0]LogConfig: Setting CVar [[r.DOF.Kernel.MaxBackgroundRadius:0.025]]
[2022.02.14-01.46.08:074][  0]LogConfig: Applying CVar settings from Section [TextureQuality@3] File [C:/Users/FilthyMiner/Downloads/InfiniteMatrixStarterProject/InfiniteMatrixStarter/Saved/Config/Windows/Scalability.ini]
[2022.02.14-01.46.08:074][  0]LogConfig: Setting CVar [[r.Streaming.MipBias:0]]
[2022.02.14-01.46.08:074][  0]LogConfig: Setting CVar [[r.Streaming.AmortizeCPUToGPUCopy:0]]
[2022.02.14-01.46.08:074][  0]LogConfig: Setting CVar [[r.Streaming.MaxNumTexturesToStreamPerFrame:0]]
[2022.02.14-01.46.08:074][  0]LogConfig: Setting CVar [[r.Streaming.Boost:1]]
[2022.02.14-01.46.08:074][  0]LogConfig: Setting CVar [[r.MaxAnisotropy:8]]
[2022.02.14-01.46.08:074][  0]LogConfig: Setting CVar [[r.VT.MaxAnisotropy:8]]
[2022.02.14-01.46.08:074][  0]LogConfig: Setting CVar [[r.Streaming.LimitPoolSizeToVRAM:0]]
[2022.02.14-01.46.08:074][  0]LogConfig: Setting CVar [[r.Streaming.PoolSize:1000]]
[2022.02.14-01.46.08:074][  0]LogConfig: Setting CVar [[r.Streaming.MaxEffectiveScreenSize:0]]
[2022.02.14-01.46.08:074][  0]LogConfig: Applying CVar settings from Section [EffectsQuality@3] File [C:/Users/FilthyMiner/Downloads/InfiniteMatrixStarterProject/InfiniteMatrixStarter/Saved/Config/Windows/Scalability.ini]
[2022.02.14-01.46.08:074][  0]LogConfig: Setting CVar [[r.TranslucencyLightingVolumeDim:64]]
[2022.02.14-01.46.08:074][  0]LogConfig: Setting CVar [[r.RefractionQuality:2]]
[2022.02.14-01.46.08:074][  0]LogConfig: Setting CVar [[r.SSR.Quality:3]]
[2022.02.14-01.46.08:074][  0]LogConfig: Setting CVar [[r.SSR.HalfResSceneColor:0]]
[2022.02.14-01.46.08:074][  0]LogConfig: Setting CVar [[r.SceneColorFormat:4]]
[2022.02.14-01.46.08:075][  0]LogConfig: Setting CVar [[r.DetailMode:2]]
[2022.02.14-01.46.08:075][  0]LogConfig: Setting CVar [[r.TranslucencyVolumeBlur:1]]
[2022.02.14-01.46.08:075][  0]LogConfig: Setting CVar [[r.MaterialQualityLevel:1 ; High quality]]
[2022.02.14-01.46.08:075][  0]LogConfig: Setting CVar [[r.AnisotropicMaterials:1]]
[2022.02.14-01.46.08:075][  0]LogConfig: Setting CVar [[r.SSS.Scale:1]]
[2022.02.14-01.46.08:075][  0]LogConfig: Setting CVar [[r.SSS.SampleSet:2]]
[2022.02.14-01.46.08:075][  0]LogConfig: Setting CVar [[r.SSS.Quality:1]]
[2022.02.14-01.46.08:075][  0]LogConfig: Setting CVar [[r.SSS.HalfRes:0]]
[2022.02.14-01.46.08:075][  0]LogConfig: Setting CVar [[r.SSGI.Quality:3]]
[2022.02.14-01.46.08:075][  0]LogConfig: Setting CVar [[r.EmitterSpawnRateScale:1.0]]
[2022.02.14-01.46.08:075][  0]LogConfig: Setting CVar [[r.ParticleLightQuality:2]]
[2022.02.14-01.46.08:075][  0]LogConfig: Setting CVar [[r.SkyAtmosphere.AerialPerspectiveLUT.FastApplyOnOpaque:1 ; Always have FastSkyLUT 1 in this case to avoid wrong sky]]
[2022.02.14-01.46.08:075][  0]LogConfig: Setting CVar [[r.SkyAtmosphere.AerialPerspectiveLUT.SampleCountMaxPerSlice:4]]
[2022.02.14-01.46.08:075][  0]LogConfig: Setting CVar [[r.SkyAtmosphere.AerialPerspectiveLUT.DepthResolution:16.0]]
[2022.02.14-01.46.08:075][  0]LogConfig: Setting CVar [[r.SkyAtmosphere.FastSkyLUT:1]]
[2022.02.14-01.46.08:075][  0]LogConfig: Setting CVar [[r.SkyAtmosphere.FastSkyLUT.SampleCountMin:4.0]]
[2022.02.14-01.46.08:075][  0]LogConfig: Setting CVar [[r.SkyAtmosphere.FastSkyLUT.SampleCountMax:128.0]]
[2022.02.14-01.46.08:075][  0]LogConfig: Setting CVar [[r.SkyAtmosphere.SampleCountMin:4.0]]
[2022.02.14-01.46.08:075][  0]LogConfig: Setting CVar [[r.SkyAtmosphere.SampleCountMax:128.0]]
[2022.02.14-01.46.08:075][  0]LogConfig: Setting CVar [[r.SkyAtmosphere.TransmittanceLUT.UseSmallFormat:0]]
[2022.02.14-01.46.08:075][  0]LogConfig: Setting CVar [[r.SkyAtmosphere.TransmittanceLUT.SampleCount:10.0]]
[2022.02.14-01.46.08:075][  0]LogConfig: Setting CVar [[r.SkyAtmosphere.MultiScatteringLUT.SampleCount:15.0]]
[2022.02.14-01.46.08:075][  0]LogConfig: Setting CVar [[r.SkyLight.RealTimeReflectionCapture:1]]
[2022.02.14-01.46.08:075][  0]LogConfig: Applying CVar settings from Section [FoliageQuality@3] File [C:/Users/FilthyMiner/Downloads/InfiniteMatrixStarterProject/InfiniteMatrixStarter/Saved/Config/Windows/Scalability.ini]
[2022.02.14-01.46.08:075][  0]LogConfig: Setting CVar [[foliage.DensityScale:1.0]]
[2022.02.14-01.46.08:075][  0]LogConfig: Setting CVar [[grass.DensityScale:1.0]]
[2022.02.14-01.46.08:075][  0]LogConfig: Applying CVar settings from Section [ShadingQuality@3] File [C:/Users/FilthyMiner/Downloads/InfiniteMatrixStarterProject/InfiniteMatrixStarter/Saved/Config/Windows/Scalability.ini]
[2022.02.14-01.46.08:075][  0]LogConfig: Setting CVar [[r.HairStrands.SkyLighting.IntegrationType:2]]
[2022.02.14-01.46.08:075][  0]LogConfig: Setting CVar [[r.HairStrands.SkyAO.SampleCount:4]]
[2022.02.14-01.46.08:075][  0]LogConfig: Setting CVar [[r.HairStrands.Visibility.MSAA.SamplePerPixel:4]]
[2022.02.14-01.46.08:075][  0]LogConfig: Applying CVar settings from Section [Startup] File [../../../Engine/Config/ConsoleVariables.ini]
[2022.02.14-01.46.08:075][  0]LogConfig: Setting CVar [[net.UseAdaptiveNetUpdateFrequency:0]]
[2022.02.14-01.46.08:075][  0]LogConfig: Setting CVar [[p.chaos.AllowCreatePhysxBodies:1]]
[2022.02.14-01.46.08:075][  0]LogConfig: Setting CVar [[fx.SkipVectorVMBackendOptimizations:1]]
[2022.02.14-01.46.08:075][  0]LogConfig: Applying CVar settings from Section [ConsoleVariables] File [C:/Users/FilthyMiner/Downloads/InfiniteMatrixStarterProject/InfiniteMatrixStarter/Saved/Config/Windows/Engine.ini]
[2022.02.14-01.46.08:075][  0]LogConfig: Applying CVar settings from Section [ConsoleVariables] File [C:/Users/FilthyMiner/Downloads/InfiniteMatrixStarterProject/InfiniteMatrixStarter/Saved/Config/Windows/Editor.ini]
[2022.02.14-01.46.08:075][  0]LogInit: Computer: DESKTOP-LC9CPCF
[2022.02.14-01.46.08:075][  0]LogInit: User: FilthyMiner
[2022.02.14-01.46.08:075][  0]LogInit: CPU Page size=4096, Cores=4
[2022.02.14-01.46.08:075][  0]LogInit: High frequency timer resolution =10.000000 MHz
[2022.02.14-01.46.08:075][  0]LogMemory: Memory total: Physical=15.9GB (16GB approx)
[2022.02.14-01.46.08:075][  0]LogMemory: Platform Memory Stats for Windows
[2022.02.14-01.46.08:075][  0]LogMemory: Process Physical Memory: 140.93 MB used, 140.94 MB peak
[2022.02.14-01.46.08:075][  0]LogMemory: Process Virtual Memory: 124.41 MB used, 124.41 MB peak
[2022.02.14-01.46.08:075][  0]LogMemory: Physical Memory: 10057.57 MB used,  6221.46 MB free, 16279.04 MB total
[2022.02.14-01.46.08:075][  0]LogMemory: Virtual Memory: 134209040.00 MB used,  8691.49 MB free, 134217728.00 MB total
[2022.02.14-01.46.08:126][  0]LogWindows: WindowsPlatformFeatures enabled
[2022.02.14-01.46.08:184][  0]LogInit: Physics initialised using underlying interface: PhysX
[2022.02.14-01.46.08:185][  0]LogInit: Using OS detected language (en-US).
[2022.02.14-01.46.08:185][  0]LogInit: Using OS detected locale (en-US).
[2022.02.14-01.46.08:188][  0]LogTextLocalizationManager: No specific localization for 'en-US' exists, so the 'en' localization will be used.
[2022.02.14-01.46.08:412][  0]LogInit: Setting process to per monitor DPI aware
[2022.02.14-01.46.08:429][  0]LogWindowsTextInputMethodSystem: Display: IME system deactivated.
[2022.02.14-01.46.08:445][  0]LogSlate: New Slate User Created.  User Index 0, Is Virtual User: 0
[2022.02.14-01.46.08:445][  0]LogSlate: Slate User Registered.  User Index 0, Is Virtual User: 0
[2022.02.14-01.46.08:581][  0]LogD3D11RHI: Loaded GFSDK_Aftermath_Lib.x64.dll
[2022.02.14-01.46.08:587][  0]LogHMD: Failed to initialize OpenVR with code 110
[2022.02.14-01.46.08:587][  0]LogD3D11RHI: D3D11 min allowed feature level: 11_0
[2022.02.14-01.46.08:587][  0]LogD3D11RHI: D3D11 max allowed feature level: 11_0
[2022.02.14-01.46.08:587][  0]LogD3D11RHI: D3D11 adapters:
[2022.02.14-01.46.08:731][  0]LogD3D11RHI:    0. 'NVIDIA GeForce RTX 3080' (Feature Level 11_0)
[2022.02.14-01.46.08:731][  0]LogD3D11RHI:       10077/0/8139 MB DedicatedVideo/DedicatedSystem/SharedSystem, Outputs:1, VendorId:0x10de
[2022.02.14-01.46.08:734][  0]LogD3D11RHI:    1. 'Microsoft Basic Render Driver' (Feature Level 11_0)
[2022.02.14-01.46.08:734][  0]LogD3D11RHI:       0/0/8139 MB DedicatedVideo/DedicatedSystem/SharedSystem, Outputs:0, VendorId:0x1414
[2022.02.14-01.46.08:734][  0]LogD3D11RHI: Chosen D3D11 Adapter:
[2022.02.14-01.46.08:734][  0]LogD3D11RHI:     Description : NVIDIA GeForce RTX 3080
[2022.02.14-01.46.08:734][  0]LogD3D11RHI:     VendorId    : 10de
[2022.02.14-01.46.08:734][  0]LogD3D11RHI:     DeviceId    : 2206
[2022.02.14-01.46.08:734][  0]LogD3D11RHI:     SubSysId    : 146710de
[2022.02.14-01.46.08:734][  0]LogD3D11RHI:     Revision    : 00a1
[2022.02.14-01.46.08:734][  0]LogD3D11RHI:     DedicatedVideoMemory : 10566500352 bytes
[2022.02.14-01.46.08:734][  0]LogD3D11RHI:     DedicatedSystemMemory : 0 bytes
[2022.02.14-01.46.08:734][  0]LogD3D11RHI:     SharedSystemMemory : 8534902784 bytes
[2022.02.14-01.46.08:734][  0]LogD3D11RHI:     AdapterLuid : 0 39938
[2022.02.14-01.46.08:740][  0]LogD3D11RHI: Creating new Direct3DDevice
[2022.02.14-01.46.08:740][  0]LogD3D11RHI:     GPU DeviceId: 0x2206 (for the marketing name, search the web for "GPU Device Id")
[2022.02.14-01.46.08:740][  0]LogWindows: EnumDisplayDevices:
[2022.02.14-01.46.08:741][  0]LogWindows:    0. 'NVIDIA GeForce RTX 3080' (P:1 D:1)
[2022.02.14-01.46.08:741][  0]LogWindows:    1. 'NVIDIA GeForce RTX 3080' (P:0 D:0)
[2022.02.14-01.46.08:741][  0]LogWindows:    2. 'NVIDIA GeForce RTX 3080' (P:0 D:0)
[2022.02.14-01.46.08:742][  0]LogWindows:    3. 'NVIDIA GeForce RTX 3080' (P:0 D:0)
[2022.02.14-01.46.08:742][  0]LogWindows: DebugString: FoundDriverCount:4 
[2022.02.14-01.46.08:742][  0]LogD3D11RHI:     Adapter Name: NVIDIA GeForce RTX 3080
[2022.02.14-01.46.08:742][  0]LogD3D11RHI:   Driver Version: 511.23 (internal:30.0.15.1123, unified:511.23)
[2022.02.14-01.46.08:742][  0]LogD3D11RHI:      Driver Date: 1-10-2022
[2022.02.14-01.46.08:742][  0]LogRHI: Texture pool is 7053 MB (70% of 10077 MB)
[2022.02.14-01.46.08:742][  0]LogD3D11RHI: Creating D3DDevice using adapter:
[2022.02.14-01.46.08:742][  0]LogD3D11RHI:     Description : NVIDIA GeForce RTX 3080
[2022.02.14-01.46.08:742][  0]LogD3D11RHI:     VendorId    : 10de
[2022.02.14-01.46.08:742][  0]LogD3D11RHI:     DeviceId    : 2206
[2022.02.14-01.46.08:742][  0]LogD3D11RHI:     SubSysId    : 146710de
[2022.02.14-01.46.08:742][  0]LogD3D11RHI:     Revision    : 00a1
[2022.02.14-01.46.08:742][  0]LogD3D11RHI:     DedicatedVideoMemory : 10566500352 bytes
[2022.02.14-01.46.08:742][  0]LogD3D11RHI:     DedicatedSystemMemory : 0 bytes
[2022.02.14-01.46.08:742][  0]LogD3D11RHI:     SharedSystemMemory : 8534902784 bytes
[2022.02.14-01.46.08:742][  0]LogD3D11RHI:     AdapterLuid : 0 39938
[2022.02.14-01.46.08:814][  0]LogD3D11RHI: RHI has support for 64 bit atomics
[2022.02.14-01.46.08:814][  0]LogD3D11RHI: Async texture creation enabled
[2022.02.14-01.46.08:814][  0]LogD3D11RHI: Array index from any shader is supported
[2022.02.14-01.46.08:817][  0]LogD3D11RHI: HDR output is supported on display 0 (NvId: 0x80061082).
[2022.02.14-01.46.08:859][  0]LogD3D11RHI: GPU Timing Frequency: 1000.000000 (Debug: 2 1)
[2022.02.14-01.46.08:907][  0]LogRHI: GeForceNow SDK initialized: 1
[2022.02.14-01.46.09:371][  0]LogTargetPlatformManager: Display: Loaded TargetPlatform 'AllDesktop'
[2022.02.14-01.46.09:397][  0]LogTargetPlatformManager: Display: Loaded TargetPlatform 'Android'
[2022.02.14-01.46.09:397][  0]LogTargetPlatformManager: Display: Loaded TargetPlatform 'Android_ASTC'
[2022.02.14-01.46.09:397][  0]LogTargetPlatformManager: Display: Loaded TargetPlatform 'Android_DXT'
[2022.02.14-01.46.09:397][  0]LogTargetPlatformManager: Display: Loaded TargetPlatform 'Android_ETC2'
[2022.02.14-01.46.09:397][  0]LogTargetPlatformManager: Display: Loaded TargetPlatform 'AndroidClient'
[2022.02.14-01.46.09:397][  0]LogTargetPlatformManager: Display: Loaded TargetPlatform 'Android_ASTCClient'
[2022.02.14-01.46.09:397][  0]LogTargetPlatformManager: Display: Loaded TargetPlatform 'Android_DXTClient'
[2022.02.14-01.46.09:397][  0]LogTargetPlatformManager: Display: Loaded TargetPlatform 'Android_ETC2Client'
[2022.02.14-01.46.09:398][  0]LogTargetPlatformManager: Display: Loaded TargetPlatform 'Android_Multi'
[2022.02.14-01.46.09:398][  0]LogTargetPlatformManager: Display: Loaded TargetPlatform 'Android_MultiClient'
[2022.02.14-01.46.09:416][  0]LogTargetPlatformManager: Display: Loaded TargetPlatform 'IOSClient'
[2022.02.14-01.46.09:416][  0]LogTargetPlatformManager: Display: Loaded TargetPlatform 'IOS'
[2022.02.14-01.46.09:427][  0]LogTargetPlatformManager: Display: Loaded TargetPlatform 'Linux'
[2022.02.14-01.46.09:432][  0]LogTargetPlatformManager: Display: Loaded TargetPlatform 'LinuxNoEditor'
[2022.02.14-01.46.09:436][  0]LogTargetPlatformManager: Display: Loaded TargetPlatform 'LinuxClient'
[2022.02.14-01.46.09:441][  0]LogTargetPlatformManager: Display: Loaded TargetPlatform 'LinuxServer'
[2022.02.14-01.46.09:451][  0]LogTargetPlatformManager: Display: Loaded TargetPlatform 'LinuxAArch64NoEditor'
[2022.02.14-01.46.09:456][  0]LogTargetPlatformManager: Display: Loaded TargetPlatform 'LinuxAArch64Client'
[2022.02.14-01.46.09:460][  0]LogTargetPlatformManager: Display: Loaded TargetPlatform 'LinuxAArch64Server'
[2022.02.14-01.46.09:486][  0]LogTargetPlatformManager: Display: Loaded TargetPlatform 'Lumin'
[2022.02.14-01.46.09:486][  0]LogTargetPlatformManager: Display: Loaded TargetPlatform 'LuminClient'
[2022.02.14-01.46.09:494][  0]LogTargetPlatformManager: Display: Loaded TargetPlatform 'MacNoEditor'
[2022.02.14-01.46.09:499][  0]LogTargetPlatformManager: Display: Loaded TargetPlatform 'Mac'
[2022.02.14-01.46.09:504][  0]LogTargetPlatformManager: Display: Loaded TargetPlatform 'MacClient'
[2022.02.14-01.46.09:508][  0]LogTargetPlatformManager: Display: Loaded TargetPlatform 'MacServer'
[2022.02.14-01.46.09:519][  0]LogTargetPlatformManager: Display: Loaded TargetPlatform 'TVOSClient'
[2022.02.14-01.46.09:519][  0]LogTargetPlatformManager: Display: Loaded TargetPlatform 'TVOS'
[2022.02.14-01.46.09:529][  0]LogTargetPlatformManager: Display: Loaded TargetPlatform 'WindowsNoEditor'
[2022.02.14-01.46.09:533][  0]LogTargetPlatformManager: Display: Loaded TargetPlatform 'Windows'
[2022.02.14-01.46.09:538][  0]LogTargetPlatformManager: Display: Loaded TargetPlatform 'WindowsClient'
[2022.02.14-01.46.09:542][  0]LogTargetPlatformManager: Display: Loaded TargetPlatform 'WindowsServer'
[2022.02.14-01.46.09:542][  0]LogTargetPlatformManager: Display: Building Assets For Windows
[2022.02.14-01.46.09:550][  0]LogAudioDebug: Display: Lib vorbis DLL was dynamically loaded.
[2022.02.14-01.46.09:579][  0]LogTextureFormatOodle: Display: Oodle Texture 2.9.0 init RDO Off
[2022.02.14-01.46.09:609][  0]LogRendererCore: Ray tracing is disabled. Reason: r.RayTracing=0.
[2022.02.14-01.46.09:609][  0]LogShaderCompilers: Guid format shader working directory is -28 characters bigger than the processId version (C:/Users/FilthyMiner/Downloads/InfiniteMatrixStarterProject/InfiniteMatrixStarter/Intermediate/Shaders/WorkingDirectory/828/).
[2022.02.14-01.46.09:610][  0]LogShaderCompilers: Cleaned the shader compiler working directory 'C:/Users/FilthyMiner/AppData/Local/Temp/UnrealShaderWorkingDir/5FC5DA284CF19B2DF76F41B1C56A0E0B/'.
[2022.02.14-01.46.09:610][  0]LogXGEController: Cannot use XGE Controller as Incredibuild is not installed on this machine.
[2022.02.14-01.46.09:610][  0]LogShaderCompilers: Cannot use XGE Shader Compiler as Incredibuild is not installed on this machine.
[2022.02.14-01.46.09:610][  0]LogShaderCompilers: Display: Using Local Shader Compiler.
[2022.02.14-01.46.10:432][  0]LogDerivedDataCache: Display: Max Cache Size: 512 MB
[2022.02.14-01.46.10:499][  0]LogDerivedDataCache: Loaded boot cache 0.07s 94MB C:/Users/FilthyMiner/AppData/Local/UnrealEngine/4.27/DerivedDataCache/Boot.ddc.
[2022.02.14-01.46.10:499][  0]LogDerivedDataCache: Display: Loaded Boot cache: C:/Users/FilthyMiner/AppData/Local/UnrealEngine/4.27/DerivedDataCache/Boot.ddc
[2022.02.14-01.46.10:500][  0]LogDerivedDataCache: FDerivedDataBackendGraph:  Pak pak cache file C:/Users/FilthyMiner/Downloads/InfiniteMatrixStarterProject/InfiniteMatrixStarter/DerivedDataCache/DDC.ddp not found, will not use a pak cache.
[2022.02.14-01.46.10:500][  0]LogDerivedDataCache: Unable to find inner node Pak for hierarchical cache Hierarchy.
[2022.02.14-01.46.10:500][  0]LogDerivedDataCache: FDerivedDataBackendGraph:  CompressedPak pak cache file C:/Users/FilthyMiner/Downloads/InfiniteMatrixStarterProject/InfiniteMatrixStarter/DerivedDataCache/Compressed.ddp not found, will not use a pak cache.
[2022.02.14-01.46.10:500][  0]LogDerivedDataCache: Unable to find inner node CompressedPak for hierarchical cache Hierarchy.
[2022.02.14-01.46.10:515][  0]LogDerivedDataCache: Display: Pak cache opened for reading ../../../Engine/DerivedDataCache/Compressed.ddp.
[2022.02.14-01.46.10:515][  0]LogDerivedDataCache: FDerivedDataBackendGraph:  EnterprisePak pak cache file ../../../Enterprise/DerivedDataCache/Compressed.ddp not found, will not use a pak cache.
[2022.02.14-01.46.10:515][  0]LogDerivedDataCache: Unable to find inner node EnterprisePak for hierarchical cache Hierarchy.
[2022.02.14-01.46.10:521][  0]LogDerivedDataCache: Speed tests for C:/Users/FilthyMiner/AppData/Local/UnrealEngine/Common/DerivedDataCache took 0.01 seconds
[2022.02.14-01.46.10:521][  0]LogDerivedDataCache: Display: Performance to C:/Users/FilthyMiner/AppData/Local/UnrealEngine/Common/DerivedDataCache: Latency=0.03ms. RandomReadSpeed=1185.37MBs, RandomWriteSpeed=184.16MBs. Assigned SpeedClass 'Local'
[2022.02.14-01.46.10:524][  0]LogDerivedDataCache: Using Local data cache path C:/Users/FilthyMiner/AppData/Local/UnrealEngine/Common/DerivedDataCache: Writable
[2022.02.14-01.46.10:524][  0]LogDerivedDataCache: Shared data cache path not found in *engine.ini, will not use an Shared cache.
[2022.02.14-01.46.10:524][  0]LogDerivedDataCache: Unable to find inner node Shared for hierarchical cache Hierarchy.
[2022.02.14-01.46.10:586][  0]LogSlate: Using FreeType 2.10.0
[2022.02.14-01.46.10:586][  0]LogSlate: SlateFontServices - WITH_FREETYPE: 1, WITH_HARFBUZZ: 1
[2022.02.14-01.46.10:617][  0]LogAssetRegistry: FAssetRegistry took 0.0032 seconds to start up
[2022.02.14-01.46.10:950][  0]LogInit: Selected Device Profile: [Windows]
[2022.02.14-01.46.10:950][  0]LogInit: Active device profile: [0000020CF93DED00][0000020CF8C2B500 49] Windows
[2022.02.14-01.46.10:950][  0]LogInit: Profiles: [0000020CF93DED00][0000020CF8C2B500 49] Windows, [0000020CF9389E00][0000020CF76C5680 49] WindowsNoEditor, [0000020CF93DFA00][0000020CEEAEB800 49] WindowsServer, [0000020CF938AB00][0000020CEEAEF980 49] WindowsClient, [0000020CF93DD700][0000020CEEAF3B00 49] IOS, [0000020CF938B100][0000020CF795E100 49] iPadAir, [0000020CF93DE800][0000020CF7962280 49] iPadAir2, [0000020CF9329300][0000020CF9226540 49] IPadPro, [0000020CF9329400][0000020CEBB4E580 49] iPadAir3, [0000020CF938A100][0000020CF922A700 49] iPadAir4, [0000020CF932A100][0000020CF8E1A880 49] iPadMini2, [0000020CF938AC00][0000020CF17BAA00 49] iPadMini3, [0000020CF932AC00][0000020CF18A2B40 49] iPadMini4, [0000020CF938B900][0000020CF1768C80 49] iPadMini5, [0000020CF9364D00][0000020CEEB00EC0 49] iPhone6, [0000020CF9364E00][0000020CF18A6F00 49] iPodTouch6, [0000020CF93DD900][0000020CF187B1C0 49] iPhone7, [0000020CF93DDB00][0000020CEEB09200 49] iPodTouch7, [0000020CF9328800][0000020CF187F380 49] iPhone5S, [0000020CF932B300][0000020CF1883500 49] iPhone6Plus, [0000020CF9367F00][0000020CF1887680 49] iPhone6S, [0000020CF9328E00][0000020CF188B800 49] iPhone6SPlus, [0000020CF9367800][0000020CF188F980 49] iPhone7Plus, [0000020CF932AE00][0000020CF1893B00 49] iPhoneSE, [0000020CF9364200][0000020CF1896100 49] iPhone8, [0000020CF9329A00][0000020CF189A280 49] iPhone8Plus, [0000020CF9366200][0000020CF189E400 49] iPhoneX, [0000020CF9329C00][0000020CF76DC580 49] iPhoneXS, [0000020CF9365200][0000020CF76E0700 49] iPhoneXSMax, [0000020CF93DCC00][0000020CF76E4880 49] iPhoneXR, [0000020CF9366F00][0000020CF76E8A00 49] iPhone11, [0000020CF93DE400][0000020CF76ECB80 49] iPhone11Pro, [0000020CF9367500][0000020CF76F0D00 49] iPhone11ProMax, [0000020CF93DF300][0000020CEEB04E40 49] iPhoneSE2, [0000020CF9364C00][0000020CF76F4F80 49] iPhone12Mini, [0000020CF93DE300][0000020CF76F90C0 49] iPhone12, [0000020CF9367700][0000020CF7701240 49] iPhone12Pro, [0000020CF93DF200][0000020CF77053C0 49] iPhone12ProMax, [0000020CF9365600][0000020CF7709540 49] iPadPro105, [0000020CF93DD000][0000020CF770D6C0 49] iPadPro129, [0000020CF9367000][0000020CF7711840 49] iPadPro97, [0000020CF93DCA00][0000020CF16E19C0 49] iPadPro2_129, [0000020CF9364800][0000020CF16E5B40 49] iPad5, [0000020CF93DEE00][0000020CF16E8140 49] iPad6, [0000020CF9364900][0000020CF16EC2C0 49] iPad7, [0000020CF93DDF00][0000020CF16F0440 49] iPad8, [0000020CF9364300][0000020CF16F45C0 49] iPadPro11, [0000020CF93DDC00][0000020CF16F8740 49] iPadPro2_11, [0000020CF9366B00][0000020CF16FC8C0 49] iPadPro3_129, [0000020CF93DF800][0000020CF1700A40 49] iPadPro4_129, [0000020CF9366100][0000020CF1704BC0 49] AppleTV, [0000020CF93DF100][0000020CF1708D40 49] AppleTV4K, [0000020CF9367E00][0000020CF170CEC0 49] TVOS, [0000020CF93DCB00][0000020CF76FD000 49] Mac, [0000020CF9366C00][0000020CF1711140 49] MacClient, [0000020CF93DD200][0000020CF1715280 49] MacNoEditor, [0000020CF9365400][0000020CF17193C0 49] MacServer, [0000020CF93DF900][0000020CF79BF540 49] Linux, [0000020CF9367900][0000020CF79C36C0 49] LinuxAArch64, [0000020CF93DC900][0000020CF79C7840 49] LinuxNoEditor, [0000020CF9366D00][0000020CF79CB9C0 49] LinuxAArch64NoEditor, [0000020CF93DC300][0000020CF79CFB40 49] LinuxClient, [0000020CF9364A00][0000020CF79D2140 49] LinuxAArch64Client, [0000020CF93DCD00][0000020CF79D62C0 49] LinuxServer, [0000020CF9367300][0000020CF79DA440 49] LinuxAArch64Server, [0000020CF93DDD00][0000020CF79DE5C0 49] Android, [0000020CF9365D00][0000020CF79E2740 49] Android_Low, [0000020CF93DE100][0000020CF79E68C0 49] Android_Mid, [0000020CF9367100][0000020CF79EAA40 49] Android_High, [0000020CF93DEC00][0000020CF79EEBC0 49] Android_Default, [0000020CF9364600][0000020CF79F2D40 49] Android_Adreno4xx, [0000020CF93DEB00][0000020CF79F6EC0 49] Android_Adreno5xx_Low, [0000020CF9367C00][0000020CF79FB040 49] Android_Adreno5xx, [0000020CF93DF500][0000020CF79BB180 49] Android_Adreno6xx, [0000020CF9364B00][0000020CF79FF2C0 49] Android_Adreno6xx_Vulkan, [0000020CF9328F00][0000020CF7A03400 49] Android_Mali_T6xx, [0000020CF938A600][0000020CF7A07540 49] Android_Mali_T7xx, [0000020CF9329900][0000020CF8A216C0 49] Android_Mali_T8xx, [0000020CF938BA00][0000020CF8A25840 49] Android_Mali_G71, [0000020CF9328700][0000020CF8A299C0 49] Android_Mali_G72, [0000020CF9389500][0000020CF8A2DB40 49] Android_Mali_G72_Vulkan, [0000020CF932A300][0000020CF8A30140 49] Android_Mali_G76, [0000020CF938BB00][0000020CF8A342C0 49] Android_Mali_G76_Vulkan, [0000020CF9329600][0000020CF8A38440 49] Android_Mali_G77, [0000020CF938A500][0000020CF8A3C5C0 49] Android_Mali_G77_Vulkan, [0000020CF9328D00][0000020CF8A40740 49] Android_Mali_G78, [0000020CF9388100][0000020CF8A448C0 49] Android_Mali_G78_Vulkan, [0000020CF932A200][0000020CF8A48A40 49] Android_Mali_G710, [0000020CF9389600][0000020CF8A4CBC0 49] Android_Mali_G710_Vulkan, [0000020CF932B000][0000020CF8A50D40 49] Android_Vulkan_SM5, [0000020CF938A800][0000020CF8A54EC0 49] Android_PowerVR_G6xxx, [0000020CF9328900][0000020CF8A59040 49] Android_PowerVR_GT7xxx, [0000020CF938AD00][0000020CF8A5D1C0 49] Android_PowerVR_GE8xxx, [0000020CF9328500][0000020CF8A61340 49] Android_PowerVR_GM9xxx, [0000020CF938B400][0000020CF7A0B480 49] Android_PowerVR_GM9xxx_Vulkan, [0000020CF932A800][0000020CF8A655C0 49] Android_TegraK1, [0000020CF9388200][0000020CF8A69700 49] Android_Unknown_Vulkan, [0000020CF932B100][0000020CF8A71880 49] Lumin, [0000020CF938BE00][0000020CF8A75A00 49] Lumin_Desktop, [0000020CF932BD00][0000020CF8A79B80 49] HoloLens, 
[2022.02.14-01.46.11:091][  0]LogMeshReduction: Using QuadricMeshReduction for automatic static mesh reduction
[2022.02.14-01.46.11:091][  0]LogMeshReduction: Using SimplygonMeshReduction for automatic skeletal mesh reduction
[2022.02.14-01.46.11:091][  0]LogMeshReduction: Using ProxyLODMeshReduction for automatic mesh merging
[2022.02.14-01.46.11:091][  0]LogMeshReduction: No distributed automatic mesh merging module available
[2022.02.14-01.46.11:091][  0]LogMeshMerging: No distributed automatic mesh merging module available
[2022.02.14-01.46.11:112][  0]LogNetVersion: InfiniteMatrix 1.0.0, NetCL: 17155196, EngineNetVer: 17, GameNetVer: 0 (Checksum: 1551001080)
[2022.02.14-01.46.11:593][  0]LogTexture: Default maximum texture size for cubemaps generated from long-lat sources has been changed from 512 to unlimited. In order to preserve old behaiour for '/Engine/MapTemplates/Sky/DaylightAmbientCubemap.DaylightAmbientCubemap', its maximum texture size has been explicitly set to 512.
[2022.02.14-01.46.11:662][  0]LogHMD: PokeAHoleMaterial loaded successfully
[2022.02.14-01.46.11:667][  0]LogUObjectArray: 17178 objects as part of root set at end of initial load.
[2022.02.14-01.46.11:667][  0]LogUObjectAllocator: 4302048 out of 0 bytes used by permanent object pool.
[2022.02.14-01.46.11:667][  0]LogUObjectArray: CloseDisregardForGC: 0/0 objects in disregard for GC pool
[2022.02.14-01.46.11:818][  0]LogNiagaraDebuggerClient: Niagara Debugger Client Initialized | Session: CDC52583460EAC2DA24982ADBB353FE8 | Instance: C982DD6A45ACB88A664B9888E31AFD52 (DESKTOP-LC9CPCF-828).
[2022.02.14-01.46.11:970][  0]LogPython: Using Python 3.7.7
[2022.02.14-01.46.12:650][  0]LogTcpMessaging: Initializing TcpMessaging bridge
[2022.02.14-01.46.12:655][  0]LogUdpMessaging: Initializing bridge on interface 0.0.0.0:0 to multicast group 230.0.0.1:6666.
[2022.02.14-01.46.12:808][  0]SourceControl: Source control is disabled
[2022.02.14-01.46.12:808][  0]SourceControl: Source control is disabled
[2022.02.14-01.46.12:811][  0]SourceControl: Source control is disabled
[2022.02.14-01.46.12:813][  0]SourceControl: Source control is disabled
[2022.02.14-01.46.12:826][  0]SourceControl: Source control is disabled
[2022.02.14-01.46.12:832][  0]LogUProjectInfo: Found projects:
[2022.02.14-01.46.12:858][  0]LogVSAccessor: Display: Unable to create Visual Studio setup instance: 80040154
[2022.02.14-01.46.12:859][  0]LogVSAccessor: Display: Unable to create Visual Studio setup instance: 80040154
[2022.02.14-01.46.12:860][  0]LogVSAccessor: Display: Unable to create Visual Studio setup instance: 80040154
[2022.02.14-01.46.13:015][  0]LogOpenImageDenoise: OIDN starting up
[2022.02.14-01.46.13:059][  0]LogAndroidPermission: UAndroidPermissionCallbackProxy::GetInstance
[2022.02.14-01.46.13:085][  0]LogAudioCaptureCore: Display: No Audio Capture implementations found. Audio input will be silent.
[2022.02.14-01.46.13:085][  0]LogAudioCaptureCore: Display: No Audio Capture implementations found. Audio input will be silent.
[2022.02.14-01.46.13:213][  0]LogCollectionManager: Loaded 0 collections in 0.000790 seconds
[2022.02.14-01.46.13:237][  0]LogFileCache: Scanning file cache for directory 'C:/Users/FilthyMiner/Downloads/InfiniteMatrixStarterProject/InfiniteMatrixStarter/Saved/Collections/' took 0.00s
[2022.02.14-01.46.13:237][  0]LogFileCache: Scanning file cache for directory 'C:/Users/FilthyMiner/Downloads/InfiniteMatrixStarterProject/InfiniteMatrixStarter/Content/Developers/FilthyMiner/Collections/' took 0.00s
[2022.02.14-01.46.13:237][  0]LogFileCache: Scanning file cache for directory 'C:/Users/FilthyMiner/Downloads/InfiniteMatrixStarterProject/InfiniteMatrixStarter/Content/Collections/' took 0.00s
[2022.02.14-01.46.13:237][  0]LogOcInput: OculusInput pre-init called
[2022.02.14-01.46.13:484][  0]LogEngine: Initializing Engine...
[2022.02.14-01.46.13:707][  0]LogHMD: Failed to enumerate extensions. Please check that you have a valid OpenXR runtime installed.
[2022.02.14-01.46.13:707][  0]LogHMD: Failed to initialize OpenVR with code 110
[2022.02.14-01.46.13:724][  0]LogMagicLeap: Warning: VR disabled because ZI is not enabled.  To enable, in the editor, Edit -> Project Settings -> Plugins -> Magic Leap Plugin -> Enable Zero Iteration
[2022.02.14-01.46.13:725][  0]LogStats: UGameplayTagsManager::InitializeManager -  0.000 s
[2022.02.14-01.46.13:871][  0]LogInit: Initializing FReadOnlyCVARCache
[2022.02.14-01.46.13:881][  0]LogAIModule: Creating AISystem for world Untitled
[2022.02.14-01.46.13:881][  0]LogAudio: Display: Initializing Audio Device Manager...
[2022.02.14-01.46.13:885][  0]LogAudio: Display: Loading Default Audio Settings Objects...
[2022.02.14-01.46.13:885][  0]LogAudio: Display: No default SoundConcurrencyObject specified (or failed to load).
[2022.02.14-01.46.13:886][  0]LogAudio: Display: Audio Device Manager Initialized
[2022.02.14-01.46.13:886][  0]LogAudio: Display: Creating Audio Device:                 Id: 1, Scope: Shared, Realtime: True
[2022.02.14-01.46.13:886][  0]LogAudioMixer: Display: Audio Mixer Platform Settings:
[2022.02.14-01.46.13:886][  0]LogAudioMixer: Display: 	Sample Rate:						  48000
[2022.02.14-01.46.13:886][  0]LogAudioMixer: Display: 	Callback Buffer Frame Size Requested: 1024
[2022.02.14-01.46.13:886][  0]LogAudioMixer: Display: 	Callback Buffer Frame Size To Use:	  1024
[2022.02.14-01.46.13:886][  0]LogAudioMixer: Display: 	Number of buffers to queue:			  2
[2022.02.14-01.46.13:886][  0]LogAudioMixer: Display: 	Max Channels (voices):				  32
[2022.02.14-01.46.13:886][  0]LogAudioMixer: Display: 	Number of Async Source Workers:		  0
[2022.02.14-01.46.13:886][  0]LogAudio: Display: AudioDevice MaxSources: 32
[2022.02.14-01.46.13:886][  0]LogAudio: Display: Audio Spatialization Plugin: None (built-in).
[2022.02.14-01.46.13:886][  0]LogAudio: Display: Audio Reverb Plugin: None (built-in).
[2022.02.14-01.46.13:886][  0]LogAudio: Display: Audio Occlusion Plugin: None (built-in).
[2022.02.14-01.46.13:886][  0]LogAudioMixer: Display: Initializing audio mixer.
[2022.02.14-01.46.13:902][  0]LogAudioMixer: Display: 0: FrontLeft
[2022.02.14-01.46.13:902][  0]LogAudioMixer: Display: 1: FrontRight
[2022.02.14-01.46.13:924][  0]LogAudioMixer: Display: Using Audio Device Headphones (3- High Definition Audio Device)
[2022.02.14-01.46.13:927][  0]LogAudioMixer: Display: Initializing Sound Submixes...
[2022.02.14-01.46.13:929][  0]LogAudioMixer: Display: Creating Master Submix 'MasterSubmixDefault'
[2022.02.14-01.46.13:929][  0]LogAudioMixer: Display: Creating Master Submix 'MasterReverbSubmixDefault'
[2022.02.14-01.46.13:929][  0]LogAudioMixer: Display: Creating Master Submix 'MasterEQSubmixDefault'
[2022.02.14-01.46.13:929][  0]LogAudioMixer: FMixerPlatformXAudio2::StartAudioStream() called
[2022.02.14-01.46.13:930][  0]LogAudioMixer: Display: Output buffers initialized: Frames=1024, Channels=2, Samples=2048
[2022.02.14-01.46.13:931][  0]LogAudioMixer: Display: Starting AudioMixerPlatformInterface::RunInternal()
[2022.02.14-01.46.13:931][  0]LogAudioMixer: Display: FMixerPlatformXAudio2::SubmitBuffer() called for the first time
[2022.02.14-01.46.13:931][  0]LogInit: FAudioDevice initialized.
[2022.02.14-01.46.13:931][  0]LogAudio: Display: Audio Device (ID: 1) registered with world 'Untitled'.
[2022.02.14-01.46.13:931][  0]LogNetVersion: Set ProjectVersion to 1.0.0.0. Version Checksum will be recalculated on next use.
[2022.02.14-01.46.14:045][  0]LogDerivedDataCache: Saved boot cache 0.11s 94MB C:/Users/FilthyMiner/AppData/Local/UnrealEngine/4.27/DerivedDataCache/Boot.ddc.
[2022.02.14-01.46.14:046][  0]LogInit: Texture streaming: Enabled
[2022.02.14-01.46.14:058][  0]LogAnalytics: Display: [UEEditor.Rocket.Release] APIServer = https://datarouter.ol.epicgames.com/. AppVersion = 4.27.2-18319896+++UE4+Release-4.27
[2022.02.14-01.46.14:062][  0]LogEngineSessionManager: EngineSessionManager initialized
[2022.02.14-01.46.14:062][  0]LogEditorSessionSummary: Verbose: Initializing EditorSessionSummaryWriter for editor session tracking
[2022.02.14-01.46.14:066][  0]LogEditorSessionSummary: EditorSessionSummaryWriter initialized
[2022.02.14-01.46.14:091][  0]LogInit: Transaction tracking system initialized
[2022.02.14-01.46.14:109][  0]BlueprintLog: New page: Editor Load
[2022.02.14-01.46.14:173][  0]LocalizationService: Localization service is disabled
[2022.02.14-01.46.14:194][  0]TimingProfiler: Initialize
[2022.02.14-01.46.14:194][  0]TimingProfiler: OnSessionChanged
[2022.02.14-01.46.14:194][  0]LoadingProfiler: Initialize
[2022.02.14-01.46.14:195][  0]LoadingProfiler: OnSessionChanged
[2022.02.14-01.46.14:195][  0]NetworkingProfiler: Initialize
[2022.02.14-01.46.14:195][  0]NetworkingProfiler: OnSessionChanged
[2022.02.14-01.46.14:195][  0]MemoryProfiler: Initialize
[2022.02.14-01.46.14:195][  0]MemoryProfiler: OnSessionChanged
[2022.02.14-01.46.14:248][  0]LogVSAccessor: Display: Unable to create Visual Studio setup instance: 80040154
[2022.02.14-01.46.14:249][  0]LogVSAccessor: Display: Unable to create Visual Studio setup instance: 80040154
[2022.02.14-01.46.14:250][  0]LogVSAccessor: Display: Unable to create Visual Studio setup instance: 80040154
[2022.02.14-01.46.14:576][  0]LogCook: Display: CookSettings for Memory: MemoryMaxUsedVirtual 0MiB, MemoryMaxUsedPhysical 16384MiB, MemoryMinFreeVirtual 0MiB, MemoryMinFreePhysical 1024MiB
[2022.02.14-01.46.14:576][  0]LogCook: Display: Mobile HDR setting 1
[2022.02.14-01.46.14:751][  0]LogFileCache: Scanning file cache for directory 'C:/Users/FilthyMiner/Downloads/InfiniteMatrixStarterProject/InfiniteMatrixStarter/Content/' took 0.02s
[2022.02.14-01.46.14:947][  0]LogInit: Display: Engine is initialized. Leaving FEngineLoop::Init()
[2022.02.14-01.46.14:950][  0]SourceControl: Source control is disabled
[2022.02.14-01.46.14:951][  0]LogUnrealEdMisc: Loading editor; pre map load, took 8.821
[2022.02.14-01.46.14:951][  0]Cmd: MAP LOAD FILE="C:/Users/FilthyMiner/Downloads/InfiniteMatrixStarterProject/InfiniteMatrixStarter/Content/InfiniteMatrix/Maps/TutorialMap.umap" TEMPLATE=0 SHOWPROGRESS=1 FEATURELEVEL=3
[2022.02.14-01.46.14:951][  0]LightingResults: New page: Lighting Build
[2022.02.14-01.46.14:952][  0]LogWorld: UWorld::CleanupWorld for Untitled, bSessionEnded=true, bCleanupResources=true
[2022.02.14-01.46.14:953][  0]LogSlate: InvalidateAllWidgets triggered.  All widgets were invalidated
[2022.02.14-01.46.14:953][  0]MapCheck: New page: Map Check
[2022.02.14-01.46.14:953][  0]LightingResults: New page: Lighting Build
[2022.02.14-01.46.14:957][  0]LogAudio: Display: Audio Device unregistered from world 'None'.
[2022.02.14-01.46.14:960][  0]LogUObjectHash: Compacting FUObjectHashTables data took   0.83ms
[2022.02.14-01.46.16:704][  0]LogAudio: Display: Audio Device (ID: 1) registered with world 'TutorialMap'.
[2022.02.14-01.46.16:705][  0]LogAIModule: Creating AISystem for world TutorialMap
[2022.02.14-01.46.16:731][  0]LogEditorServer: Finished looking for orphan Actors (0.000 secs)
[2022.02.14-01.46.16:738][  0]LogUObjectHash: Compacting FUObjectHashTables data took   0.87ms
[2022.02.14-01.46.16:739][  0]Cmd: MAP CHECKDEP NOCLEARLOG
[2022.02.14-01.46.16:739][  0]MapCheck: Map check complete: 0 Error(s), 0 Warning(s), took 0.175ms to complete.
[2022.02.14-01.46.16:739][  0]LogFileHelpers: Loading map 'TutorialMap' took 1.788
[2022.02.14-01.46.16:740][  0]LogUnrealEdMisc: Total Editor Startup Time, took 10.611
[2022.02.14-01.46.19:919][  0]LogSlate: Updating window title bar state: overlay mode, drag disabled, window buttons hidden, title bar hidden
[2022.02.14-01.46.19:946][  0]LogSlate: Updating window title bar state: overlay mode, drag disabled, window buttons hidden, title bar hidden
[2022.02.14-01.46.19:953][  0]LogSlate: Updating window title bar state: overlay mode, drag disabled, window buttons hidden, title bar hidden
[2022.02.14-01.46.19:960][  0]LogSlate: Updating window title bar state: overlay mode, drag disabled, window buttons hidden, title bar hidden
[2022.02.14-01.46.20:795][  0]LogNativeClassHierarchy: Verbose: Native class hierarchy populated in 0.0126 seconds. Added 3822 classes and 928 folders.
[2022.02.14-01.46.21:235][  0]LogNativeClassHierarchy: Verbose: Native class hierarchy updated for 'WidgetCarousel' in 0.0003 seconds. Added 0 classes and 0 folders.
[2022.02.14-01.46.21:491][  0]LogPakFile: PakFile PrimaryIndexSize=187
[2022.02.14-01.46.21:491][  0]LogPakFile: PakFile PathHashIndexSize=101
[2022.02.14-01.46.21:491][  0]LogPakFile: PakFile FullDirectoryIndexSize=148
[2022.02.14-01.46.21:563][  0]LogShaderLibrary: Display: ShaderCodeLibraryPakFileMountedCallback: PakFile 'D:/Games/UE_4.27/FeaturePacks/FP_FirstPerson.upack' (chunk index -1, root 'root:/') mounted
[2022.02.14-01.46.21:563][  0]LogShaderLibrary: Display: ShaderCodeLibraryPakFileMountedCallback: pending pak file info (ChunkID:-1 Root:root:/ File:D:/Games/UE_4.27/FeaturePacks/FP_FirstPerson.upack)
[2022.02.14-01.46.21:591][  0]LogPakFile: OnPakFileMounted2Time == 0.100035
[2022.02.14-01.46.21:758][  0]LogPakFile: PakFile PrimaryIndexSize=189
[2022.02.14-01.46.21:758][  0]LogPakFile: PakFile PathHashIndexSize=101
[2022.02.14-01.46.21:758][  0]LogPakFile: PakFile FullDirectoryIndexSize=152
[2022.02.14-01.46.21:758][  0]LogShaderLibrary: Display: ShaderCodeLibraryPakFileMountedCallback: PakFile 'D:/Games/UE_4.27/FeaturePacks/FP_FirstPersonBP.upack' (chunk index -1, root 'root:/') mounted
[2022.02.14-01.46.21:758][  0]LogShaderLibrary: Display: ShaderCodeLibraryPakFileMountedCallback: pending pak file info (ChunkID:-1 Root:root:/ File:D:/Games/UE_4.27/FeaturePacks/FP_FirstPersonBP.upack)
[2022.02.14-01.46.21:758][  0]LogPakFile: OnPakFileMounted2Time == 0.000053
[2022.02.14-01.46.21:778][  0]LogPakFile: PakFile PrimaryIndexSize=191
[2022.02.14-01.46.21:778][  0]LogPakFile: PakFile PathHashIndexSize=101
[2022.02.14-01.46.21:778][  0]LogPakFile: PakFile FullDirectoryIndexSize=160
[2022.02.14-01.46.21:778][  0]LogShaderLibrary: Display: ShaderCodeLibraryPakFileMountedCallback: PakFile 'D:/Games/UE_4.27/FeaturePacks/MobileStarterContent.upack' (chunk index -1, root 'root:/') mounted
[2022.02.14-01.46.21:778][  0]LogShaderLibrary: Display: ShaderCodeLibraryPakFileMountedCallback: pending pak file info (ChunkID:-1 Root:root:/ File:D:/Games/UE_4.27/FeaturePacks/MobileStarterContent.upack)
[2022.02.14-01.46.21:778][  0]LogPakFile: OnPakFileMounted2Time == 0.000046
[2022.02.14-01.46.21:802][  0]LogPakFile: PakFile PrimaryIndexSize=185
[2022.02.14-01.46.21:802][  0]LogPakFile: PakFile PathHashIndexSize=101
[2022.02.14-01.46.21:802][  0]LogPakFile: PakFile FullDirectoryIndexSize=148
[2022.02.14-01.46.21:802][  0]LogShaderLibrary: Display: ShaderCodeLibraryPakFileMountedCallback: PakFile 'D:/Games/UE_4.27/FeaturePacks/StarterContent.upack' (chunk index -1, root 'root:/') mounted
[2022.02.14-01.46.21:802][  0]LogShaderLibrary: Display: ShaderCodeLibraryPakFileMountedCallback: pending pak file info (ChunkID:-1 Root:root:/ File:D:/Games/UE_4.27/FeaturePacks/StarterContent.upack)
[2022.02.14-01.46.21:802][  0]LogPakFile: OnPakFileMounted2Time == 0.000048
[2022.02.14-01.46.21:827][  0]LogPakFile: PakFile PrimaryIndexSize=190
[2022.02.14-01.46.21:827][  0]LogPakFile: PakFile PathHashIndexSize=101
[2022.02.14-01.46.21:827][  0]LogPakFile: PakFile FullDirectoryIndexSize=154
[2022.02.14-01.46.21:827][  0]LogShaderLibrary: Display: ShaderCodeLibraryPakFileMountedCallback: PakFile 'D:/Games/UE_4.27/FeaturePacks/TP_2DSideScroller.upack' (chunk index -1, root 'root:/') mounted
[2022.02.14-01.46.21:827][  0]LogShaderLibrary: Display: ShaderCodeLibraryPakFileMountedCallback: pending pak file info (ChunkID:-1 Root:root:/ File:D:/Games/UE_4.27/FeaturePacks/TP_2DSideScroller.upack)
[2022.02.14-01.46.21:827][  0]LogPakFile: OnPakFileMounted2Time == 0.000085
[2022.02.14-01.46.21:854][  0]LogPakFile: PakFile PrimaryIndexSize=192
[2022.02.14-01.46.21:854][  0]LogPakFile: PakFile PathHashIndexSize=101
[2022.02.14-01.46.21:854][  0]LogPakFile: PakFile FullDirectoryIndexSize=158
[2022.02.14-01.46.21:854][  0]LogShaderLibrary: Display: ShaderCodeLibraryPakFileMountedCallback: PakFile 'D:/Games/UE_4.27/FeaturePacks/TP_2DSideScrollerBP.upack' (chunk index -1, root 'root:/') mounted
[2022.02.14-01.46.21:854][  0]LogShaderLibrary: Display: ShaderCodeLibraryPakFileMountedCallback: pending pak file info (ChunkID:-1 Root:root:/ File:D:/Games/UE_4.27/FeaturePacks/TP_2DSideScrollerBP.upack)
[2022.02.14-01.46.21:854][  0]LogPakFile: OnPakFileMounted2Time == 0.000046
[2022.02.14-01.46.21:877][  0]LogPakFile: PakFile PrimaryIndexSize=182
[2022.02.14-01.46.21:877][  0]LogPakFile: PakFile PathHashIndexSize=101
[2022.02.14-01.46.21:877][  0]LogPakFile: PakFile FullDirectoryIndexSize=138
[2022.02.14-01.46.21:877][  0]LogShaderLibrary: Display: ShaderCodeLibraryPakFileMountedCallback: PakFile 'D:/Games/UE_4.27/FeaturePacks/TP_Flying.upack' (chunk index -1, root 'root:/') mounted
[2022.02.14-01.46.21:877][  0]LogShaderLibrary: Display: ShaderCodeLibraryPakFileMountedCallback: pending pak file info (ChunkID:-1 Root:root:/ File:D:/Games/UE_4.27/FeaturePacks/TP_Flying.upack)
[2022.02.14-01.46.21:877][  0]LogPakFile: OnPakFileMounted2Time == 0.000047
[2022.02.14-01.46.21:884][  0]LogPakFile: PakFile PrimaryIndexSize=184
[2022.02.14-01.46.21:884][  0]LogPakFile: PakFile PathHashIndexSize=101
[2022.02.14-01.46.21:884][  0]LogPakFile: PakFile FullDirectoryIndexSize=142
[2022.02.14-01.46.21:884][  0]LogShaderLibrary: Display: ShaderCodeLibraryPakFileMountedCallback: PakFile 'D:/Games/UE_4.27/FeaturePacks/TP_FlyingBP.upack' (chunk index -1, root 'root:/') mounted
[2022.02.14-01.46.21:884][  0]LogShaderLibrary: Display: ShaderCodeLibraryPakFileMountedCallback: pending pak file info (ChunkID:-1 Root:root:/ File:D:/Games/UE_4.27/FeaturePacks/TP_FlyingBP.upack)
[2022.02.14-01.46.21:884][  0]LogPakFile: OnPakFileMounted2Time == 0.000045
[2022.02.14-01.46.21:915][  0]LogPakFile: PakFile PrimaryIndexSize=188
[2022.02.14-01.46.21:915][  0]LogPakFile: PakFile PathHashIndexSize=101
[2022.02.14-01.46.21:915][  0]LogPakFile: PakFile FullDirectoryIndexSize=150
[2022.02.14-01.46.21:915][  0]LogShaderLibrary: Display: ShaderCodeLibraryPakFileMountedCallback: PakFile 'D:/Games/UE_4.27/FeaturePacks/TP_HandheldARBP.upack' (chunk index -1, root 'root:/') mounted
[2022.02.14-01.46.21:915][  0]LogShaderLibrary: Display: ShaderCodeLibraryPakFileMountedCallback: pending pak file info (ChunkID:-1 Root:root:/ File:D:/Games/UE_4.27/FeaturePacks/TP_HandheldARBP.upack)
[2022.02.14-01.46.21:915][  0]LogPakFile: OnPakFileMounted2Time == 0.000046
[2022.02.14-01.46.21:966][  0]LogPakFile: PakFile PrimaryIndexSize=182
[2022.02.14-01.46.21:966][  0]LogPakFile: PakFile PathHashIndexSize=101
[2022.02.14-01.46.21:966][  0]LogPakFile: PakFile FullDirectoryIndexSize=138
[2022.02.14-01.46.21:966][  0]LogShaderLibrary: Display: ShaderCodeLibraryPakFileMountedCallback: PakFile 'D:/Games/UE_4.27/FeaturePacks/TP_Puzzle.upack' (chunk index -1, root 'root:/') mounted
[2022.02.14-01.46.21:966][  0]LogShaderLibrary: Display: ShaderCodeLibraryPakFileMountedCallback: pending pak file info (ChunkID:-1 Root:root:/ File:D:/Games/UE_4.27/FeaturePacks/TP_Puzzle.upack)
[2022.02.14-01.46.21:966][  0]LogPakFile: OnPakFileMounted2Time == 0.000045
[2022.02.14-01.46.21:980][  0]LogPakFile: PakFile PrimaryIndexSize=184
[2022.02.14-01.46.21:980][  0]LogPakFile: PakFile PathHashIndexSize=101
[2022.02.14-01.46.21:980][  0]LogPakFile: PakFile FullDirectoryIndexSize=142
[2022.02.14-01.46.21:980][  0]LogShaderLibrary: Display: ShaderCodeLibraryPakFileMountedCallback: PakFile 'D:/Games/UE_4.27/FeaturePacks/TP_PuzzleBP.upack' (chunk index -1, root 'root:/') mounted
[2022.02.14-01.46.21:980][  0]LogShaderLibrary: Display: ShaderCodeLibraryPakFileMountedCallback: pending pak file info (ChunkID:-1 Root:root:/ File:D:/Games/UE_4.27/FeaturePacks/TP_PuzzleBP.upack)
[2022.02.14-01.46.21:980][  0]LogPakFile: OnPakFileMounted2Time == 0.000046
[2022.02.14-01.46.21:996][  0]LogPakFile: PakFile PrimaryIndexSize=183
[2022.02.14-01.46.21:996][  0]LogPakFile: PakFile PathHashIndexSize=101
[2022.02.14-01.46.21:996][  0]LogPakFile: PakFile FullDirectoryIndexSize=140
[2022.02.14-01.46.21:996][  0]LogShaderLibrary: Display: ShaderCodeLibraryPakFileMountedCallback: PakFile 'D:/Games/UE_4.27/FeaturePacks/TP_Rolling.upack' (chunk index -1, root 'root:/') mounted
[2022.02.14-01.46.21:996][  0]LogShaderLibrary: Display: ShaderCodeLibraryPakFileMountedCallback: pending pak file info (ChunkID:-1 Root:root:/ File:D:/Games/UE_4.27/FeaturePacks/TP_Rolling.upack)
[2022.02.14-01.46.21:996][  0]LogPakFile: OnPakFileMounted2Time == 0.000044
[2022.02.14-01.46.22:006][  0]LogPakFile: PakFile PrimaryIndexSize=185
[2022.02.14-01.46.22:006][  0]LogPakFile: PakFile PathHashIndexSize=101
[2022.02.14-01.46.22:006][  0]LogPakFile: PakFile FullDirectoryIndexSize=144
[2022.02.14-01.46.22:006][  0]LogShaderLibrary: Display: ShaderCodeLibraryPakFileMountedCallback: PakFile 'D:/Games/UE_4.27/FeaturePacks/TP_RollingBP.upack' (chunk index -1, root 'root:/') mounted
[2022.02.14-01.46.22:006][  0]LogShaderLibrary: Display: ShaderCodeLibraryPakFileMountedCallback: pending pak file info (ChunkID:-1 Root:root:/ File:D:/Games/UE_4.27/FeaturePacks/TP_RollingBP.upack)
[2022.02.14-01.46.22:006][  0]LogPakFile: OnPakFileMounted2Time == 0.000045
[2022.02.14-01.46.22:020][  0]LogPakFile: PakFile PrimaryIndexSize=188
[2022.02.14-01.46.22:020][  0]LogPakFile: PakFile PathHashIndexSize=101
[2022.02.14-01.46.22:020][  0]LogPakFile: PakFile FullDirectoryIndexSize=150
[2022.02.14-01.46.22:020][  0]LogShaderLibrary: Display: ShaderCodeLibraryPakFileMountedCallback: PakFile 'D:/Games/UE_4.27/FeaturePacks/TP_SideScroller.upack' (chunk index -1, root 'root:/') mounted
[2022.02.14-01.46.22:020][  0]LogShaderLibrary: Display: ShaderCodeLibraryPakFileMountedCallback: pending pak file info (ChunkID:-1 Root:root:/ File:D:/Games/UE_4.27/FeaturePacks/TP_SideScroller.upack)
[2022.02.14-01.46.22:020][  0]LogPakFile: OnPakFileMounted2Time == 0.000046
[2022.02.14-01.46.22:033][  0]LogPakFile: PakFile PrimaryIndexSize=190
[2022.02.14-01.46.22:033][  0]LogPakFile: PakFile PathHashIndexSize=101
[2022.02.14-01.46.22:033][  0]LogPakFile: PakFile FullDirectoryIndexSize=154
[2022.02.14-01.46.22:033][  0]LogShaderLibrary: Display: ShaderCodeLibraryPakFileMountedCallback: PakFile 'D:/Games/UE_4.27/FeaturePacks/TP_SideScrollerBP.upack' (chunk index -1, root 'root:/') mounted
[2022.02.14-01.46.22:033][  0]LogShaderLibrary: Display: ShaderCodeLibraryPakFileMountedCallback: pending pak file info (ChunkID:-1 Root:root:/ File:D:/Games/UE_4.27/FeaturePacks/TP_SideScrollerBP.upack)
[2022.02.14-01.46.22:033][  0]LogPakFile: OnPakFileMounted2Time == 0.000046
[2022.02.14-01.46.22:051][  0]LogPakFile: PakFile PrimaryIndexSize=187
[2022.02.14-01.46.22:051][  0]LogPakFile: PakFile PathHashIndexSize=101
[2022.02.14-01.46.22:051][  0]LogPakFile: PakFile FullDirectoryIndexSize=148
[2022.02.14-01.46.22:051][  0]LogShaderLibrary: Display: ShaderCodeLibraryPakFileMountedCallback: PakFile 'D:/Games/UE_4.27/FeaturePacks/TP_ThirdPerson.upack' (chunk index -1, root 'root:/') mounted
[2022.02.14-01.46.22:051][  0]LogShaderLibrary: Display: ShaderCodeLibraryPakFileMountedCallback: pending pak file info (ChunkID:-1 Root:root:/ File:D:/Games/UE_4.27/FeaturePacks/TP_ThirdPerson.upack)
[2022.02.14-01.46.22:051][  0]LogPakFile: OnPakFileMounted2Time == 0.000062
[2022.02.14-01.46.22:073][  0]LogPakFile: PakFile PrimaryIndexSize=189
[2022.02.14-01.46.22:073][  0]LogPakFile: PakFile PathHashIndexSize=101
[2022.02.14-01.46.22:073][  0]LogPakFile: PakFile FullDirectoryIndexSize=152
[2022.02.14-01.46.22:073][  0]LogShaderLibrary: Display: ShaderCodeLibraryPakFileMountedCallback: PakFile 'D:/Games/UE_4.27/FeaturePacks/TP_ThirdPersonBP.upack' (chunk index -1, root 'root:/') mounted
[2022.02.14-01.46.22:073][  0]LogShaderLibrary: Display: ShaderCodeLibraryPakFileMountedCallback: pending pak file info (ChunkID:-1 Root:root:/ File:D:/Games/UE_4.27/FeaturePacks/TP_ThirdPersonBP.upack)
[2022.02.14-01.46.22:073][  0]LogPakFile: OnPakFileMounted2Time == 0.000047
[2022.02.14-01.46.22:087][  0]LogPakFile: PakFile PrimaryIndexSize=183
[2022.02.14-01.46.22:087][  0]LogPakFile: PakFile PathHashIndexSize=101
[2022.02.14-01.46.22:087][  0]LogPakFile: PakFile FullDirectoryIndexSize=140
[2022.02.14-01.46.22:087][  0]LogShaderLibrary: Display: ShaderCodeLibraryPakFileMountedCallback: PakFile 'D:/Games/UE_4.27/FeaturePacks/TP_TopDown.upack' (chunk index -1, root 'root:/') mounted
[2022.02.14-01.46.22:087][  0]LogShaderLibrary: Display: ShaderCodeLibraryPakFileMountedCallback: pending pak file info (ChunkID:-1 Root:root:/ File:D:/Games/UE_4.27/FeaturePacks/TP_TopDown.upack)
[2022.02.14-01.46.22:087][  0]LogPakFile: OnPakFileMounted2Time == 0.000053
[2022.02.14-01.46.22:101][  0]LogPakFile: PakFile PrimaryIndexSize=185
[2022.02.14-01.46.22:101][  0]LogPakFile: PakFile PathHashIndexSize=101
[2022.02.14-01.46.22:101][  0]LogPakFile: PakFile FullDirectoryIndexSize=144
[2022.02.14-01.46.22:101][  0]LogShaderLibrary: Display: ShaderCodeLibraryPakFileMountedCallback: PakFile 'D:/Games/UE_4.27/FeaturePacks/TP_TopDownBP.upack' (chunk index -1, root 'root:/') mounted
[2022.02.14-01.46.22:101][  0]LogShaderLibrary: Display: ShaderCodeLibraryPakFileMountedCallback: pending pak file info (ChunkID:-1 Root:root:/ File:D:/Games/UE_4.27/FeaturePacks/TP_TopDownBP.upack)
[2022.02.14-01.46.22:101][  0]LogPakFile: OnPakFileMounted2Time == 0.000046
[2022.02.14-01.46.22:110][  0]LogPakFile: PakFile PrimaryIndexSize=185
[2022.02.14-01.46.22:110][  0]LogPakFile: PakFile PathHashIndexSize=101
[2022.02.14-01.46.22:110][  0]LogPakFile: PakFile FullDirectoryIndexSize=144
[2022.02.14-01.46.22:110][  0]LogShaderLibrary: Display: ShaderCodeLibraryPakFileMountedCallback: PakFile 'D:/Games/UE_4.27/FeaturePacks/TP_TwinStick.upack' (chunk index -1, root 'root:/') mounted
[2022.02.14-01.46.22:110][  0]LogShaderLibrary: Display: ShaderCodeLibraryPakFileMountedCallback: pending pak file info (ChunkID:-1 Root:root:/ File:D:/Games/UE_4.27/FeaturePacks/TP_TwinStick.upack)
[2022.02.14-01.46.22:110][  0]LogPakFile: OnPakFileMounted2Time == 0.000045
[2022.02.14-01.46.22:136][  0]LogPakFile: PakFile PrimaryIndexSize=187
[2022.02.14-01.46.22:136][  0]LogPakFile: PakFile PathHashIndexSize=101
[2022.02.14-01.46.22:136][  0]LogPakFile: PakFile FullDirectoryIndexSize=148
[2022.02.14-01.46.22:136][  0]LogShaderLibrary: Display: ShaderCodeLibraryPakFileMountedCallback: PakFile 'D:/Games/UE_4.27/FeaturePacks/TP_TwinStickBP.upack' (chunk index -1, root 'root:/') mounted
[2022.02.14-01.46.22:136][  0]LogShaderLibrary: Display: ShaderCodeLibraryPakFileMountedCallback: pending pak file info (ChunkID:-1 Root:root:/ File:D:/Games/UE_4.27/FeaturePacks/TP_TwinStickBP.upack)
[2022.02.14-01.46.22:136][  0]LogPakFile: OnPakFileMounted2Time == 0.000047
[2022.02.14-01.46.22:169][  0]LogPakFile: PakFile PrimaryIndexSize=183
[2022.02.14-01.46.22:169][  0]LogPakFile: PakFile PathHashIndexSize=101
[2022.02.14-01.46.22:169][  0]LogPakFile: PakFile FullDirectoryIndexSize=140
[2022.02.14-01.46.22:169][  0]LogShaderLibrary: Display: ShaderCodeLibraryPakFileMountedCallback: PakFile 'D:/Games/UE_4.27/FeaturePacks/TP_Vehicle.upack' (chunk index -1, root 'root:/') mounted
[2022.02.14-01.46.22:169][  0]LogShaderLibrary: Display: ShaderCodeLibraryPakFileMountedCallback: pending pak file info (ChunkID:-1 Root:root:/ File:D:/Games/UE_4.27/FeaturePacks/TP_Vehicle.upack)
[2022.02.14-01.46.22:169][  0]LogPakFile: OnPakFileMounted2Time == 0.000052
[2022.02.14-01.46.22:193][  0]LogPakFile: PakFile PrimaryIndexSize=186
[2022.02.14-01.46.22:193][  0]LogPakFile: PakFile PathHashIndexSize=101
[2022.02.14-01.46.22:193][  0]LogPakFile: PakFile FullDirectoryIndexSize=146
[2022.02.14-01.46.22:193][  0]LogShaderLibrary: Display: ShaderCodeLibraryPakFileMountedCallback: PakFile 'D:/Games/UE_4.27/FeaturePacks/TP_VehicleAdv.upack' (chunk index -1, root 'root:/') mounted
[2022.02.14-01.46.22:193][  0]LogShaderLibrary: Display: ShaderCodeLibraryPakFileMountedCallback: pending pak file info (ChunkID:-1 Root:root:/ File:D:/Games/UE_4.27/FeaturePacks/TP_VehicleAdv.upack)
[2022.02.14-01.46.22:193][  0]LogPakFile: OnPakFileMounted2Time == 0.000048
[2022.02.14-01.46.22:218][  0]LogPakFile: PakFile PrimaryIndexSize=188
[2022.02.14-01.46.22:218][  0]LogPakFile: PakFile PathHashIndexSize=101
[2022.02.14-01.46.22:218][  0]LogPakFile: PakFile FullDirectoryIndexSize=150
[2022.02.14-01.46.22:218][  0]LogShaderLibrary: Display: ShaderCodeLibraryPakFileMountedCallback: PakFile 'D:/Games/UE_4.27/FeaturePacks/TP_VehicleAdvBP.upack' (chunk index -1, root 'root:/') mounted
[2022.02.14-01.46.22:218][  0]LogShaderLibrary: Display: ShaderCodeLibraryPakFileMountedCallback: pending pak file info (ChunkID:-1 Root:root:/ File:D:/Games/UE_4.27/FeaturePacks/TP_VehicleAdvBP.upack)
[2022.02.14-01.46.22:219][  0]LogPakFile: OnPakFileMounted2Time == 0.000046
[2022.02.14-01.46.22:226][  0]LogPakFile: PakFile PrimaryIndexSize=185
[2022.02.14-01.46.22:226][  0]LogPakFile: PakFile PathHashIndexSize=101
[2022.02.14-01.46.22:226][  0]LogPakFile: PakFile FullDirectoryIndexSize=144
[2022.02.14-01.46.22:226][  0]LogShaderLibrary: Display: ShaderCodeLibraryPakFileMountedCallback: PakFile 'D:/Games/UE_4.27/FeaturePacks/TP_VehicleBP.upack' (chunk index -1, root 'root:/') mounted
[2022.02.14-01.46.22:226][  0]LogShaderLibrary: Display: ShaderCodeLibraryPakFileMountedCallback: pending pak file info (ChunkID:-1 Root:root:/ File:D:/Games/UE_4.27/FeaturePacks/TP_VehicleBP.upack)
[2022.02.14-01.46.22:226][  0]LogPakFile: OnPakFileMounted2Time == 0.000048
[2022.02.14-01.46.22:248][  0]LogPakFile: PakFile PrimaryIndexSize=192
[2022.02.14-01.46.22:248][  0]LogPakFile: PakFile PathHashIndexSize=101
[2022.02.14-01.46.22:248][  0]LogPakFile: PakFile FullDirectoryIndexSize=158
[2022.02.14-01.46.22:248][  0]LogShaderLibrary: Display: ShaderCodeLibraryPakFileMountedCallback: PakFile 'D:/Games/UE_4.27/FeaturePacks/TP_VirtualRealityBP.upack' (chunk index -1, root 'root:/') mounted
[2022.02.14-01.46.22:248][  0]LogShaderLibrary: Display: ShaderCodeLibraryPakFileMountedCallback: pending pak file info (ChunkID:-1 Root:root:/ File:D:/Games/UE_4.27/FeaturePacks/TP_VirtualRealityBP.upack)
[2022.02.14-01.46.22:248][  0]LogPakFile: OnPakFileMounted2Time == 0.000047
[2022.02.14-01.46.23:517][  0]LogNativeClassHierarchy: Verbose: Native class hierarchy updated for 'AddContentDialog' in 0.0003 seconds. Added 0 classes and 0 folders.
[2022.02.14-01.46.23:707][  0]LogNativeClassHierarchy: Verbose: Native class hierarchy updated for 'SceneOutliner' in 0.0003 seconds. Added 2 classes and 0 folders.
[2022.02.14-01.46.25:645][  0]LogSlate: Took 0.000178 seconds to synchronously load lazily loaded font '../../../Engine/Content/Slate/Fonts/Roboto-Regular.ttf' (155K)
[2022.02.14-01.46.25:694][  0]LogSlate: Took 0.037927 seconds to synchronously load lazily loaded font '../../../Engine/Content/Editor/Slate/Fonts/FontAwesome.ttf' (139K)
[2022.02.14-01.46.25:728][  0]LogSlate: Took 0.000175 seconds to synchronously load lazily loaded font '../../../Engine/Content/Slate/Fonts/Roboto-Bold.ttf' (160K)
[2022.02.14-01.46.27:212][  0]LogRenderer: Reallocating scene render targets to support 1472x836 Format 10 NumSamples 1 (Frame:1).
[2022.02.14-01.46.29:808][  0]LogNativeClassHierarchy: Verbose: Native class hierarchy updated for 'HierarchicalLODOutliner' in 0.0003 seconds. Added 0 classes and 0 folders.
[2022.02.14-01.46.29:808][  0]LogLoad: (Engine Initialization) Total time: 23.68 seconds
[2022.02.14-01.46.29:808][  0]LogLoad: (Engine Initialization) Total Blueprint compile time: 0.00 seconds
[2022.02.14-01.46.29:924][  0]LogAssetRegistry: Asset discovery search completed in 19.3073 seconds
[2022.02.14-01.46.29:929][  0]LogCollectionManager: Fixed up redirectors for 0 collections in 0.000003 seconds (updated 0 objects)
[2022.02.14-01.46.30:020][  0]LogContentStreaming: Texture pool size now 1000 MB
[2022.02.14-01.47.17:194][394]LogSlate: Took 0.000250 seconds to synchronously load lazily loaded font '../../../Engine/Content/Slate/Fonts/Roboto-BoldCondensed.ttf' (158K)
[2022.02.14-01.47.39:905][993]LogSlate: Window 'Open Project' being destroyed
